<?xml version="1.0" encoding="UTF-8" standalone="yes"?><!DOCTYPE report PUBLIC "-//JACOCO//DTD Report 1.1//EN" "report.dtd"><report name="java-control-flow-testing"><sessioninfo id="cachyos-x8664-2d6a8e17" start="1776244759583" dump="1776244760012"/><package name="com/demo"><class name="com/demo/MathProcessor" sourcefilename="MathProcessor.java"><method name="&lt;init&gt;" desc="()V" line="3"><counter type="INSTRUCTION" missed="0" covered="3"/><counter type="LINE" missed="0" covered="1"/><counter type="COMPLEXITY" missed="0" covered="1"/><counter type="METHOD" missed="0" covered="1"/></method><method name="sumEvenNumbers" desc="(I)I" line="7"><counter type="INSTRUCTION" missed="0" covered="26"/><counter type="BRANCH" missed="0" covered="6"/><counter type="LINE" missed="0" covered="7"/><counter type="COMPLEXITY" missed="0" covered="4"/><counter type="METHOD" missed="0" covered="1"/></method><method name="main" desc="([Ljava/lang/String;)V" line="21"><counter type="INSTRUCTION" missed="17" covered="0"/><counter type="LINE" missed="4" covered="0"/><counter type="COMPLEXITY" missed="1" covered="0"/><counter type="METHOD" missed="1" covered="0"/></method><counter type="INSTRUCTION" missed="17" covered="29"/><counter type="BRANCH" missed="0" covered="6"/><counter type="LINE" missed="4" covered="8"/><counter type="COMPLEXITY" missed="1" covered="5"/><counter type="METHOD" missed="1" covered="2"/><counter type="CLASS" missed="0" covered="1"/></class><sourcefile name="MathProcessor.java"><line nr="3" mi="0" ci="3" mb="0" cb="0"/><line nr="7" mi="0" ci="2" mb="0" cb="2"/><line nr="8" mi="0" ci="5" mb="0" cb="0"/><line nr="11" mi="0" ci="2" mb="0" cb="0"/><line nr="12" mi="0" ci="7" mb="0" cb="2"/><line nr="13" mi="0" ci="4" mb="0" cb="2"/><line nr="14" mi="0" ci="4" mb="0" cb="0"/><line nr="17" mi="0" ci="2" mb="0" cb="0"/><line nr="21" mi="4" ci="0" mb="0" cb="0"/><line nr="22" mi="6" ci="0" mb="0" cb="0"/><line nr="23" mi="6" ci="0" mb="0" cb="0"/><line nr="24" mi="1" ci="0" mb="0" cb="0"/><counter type="INSTRUCTION" missed="17" covered="29"/><counter type="BRANCH" missed="0" covered="6"/><counter type="LINE" missed="4" covered="8"/><counter type="COMPLEXITY" missed="1" covered="5"/><counter type="METHOD" missed="1" covered="2"/><counter type="CLASS" missed="0" covered="1"/></sourcefile><counter type="INSTRUCTION" missed="17" covered="29"/><counter type="BRANCH" missed="0" covered="6"/><counter type="LINE" missed="4" covered="8"/><counter type="COMPLEXITY" missed="1" covered="5"/><counter type="METHOD" missed="1" covered="2"/><counter type="CLASS" missed="0" covered="1"/></package><counter type="INSTRUCTION" missed="17" covered="29"/><counter type="BRANCH" missed="0" covered="6"/><counter type="LINE" missed="4" covered="8"/><counter type="COMPLEXITY" missed="1" covered="5"/><counter type="METHOD" missed="1" covered="2"/><counter type="CLASS" missed="0" covered="1"/></report>