<?xml version="1.0" encoding="UTF-8"?>
<testsuite xmlns:xsi="http://www.w3.org/2001/XMLSchema-instance" xsi:noNamespaceSchemaLocation="https://maven.apache.org/surefire/maven-failsafe-plugin/xsd/failsafe-test-report-3.0.xsd" version="3.0" name="com.ecommerce.selenium.CheckoutFlowTest" time="10.478" tests="4" errors="0" skipped="0" failures="0">
  <properties>
[...]
</properties>
  <testcase name="test_applyValidVoucher_shouldShowDiscountedTotal" classname="com.ecommerce.selenium.CheckoutFlowTest" time="2.561">
    <system-out><![CDATA[11:58:54.264 [main] INFO org.springframework.test.context.support.AnnotationConfigContextLoaderUtils -- Could not detect default configuration classes for test class [com.ecommerce.selenium.CheckoutFlowTest]: CheckoutFlowTest does not declare any static, non-private, non-final, nested classes annotated with @Configuration.
11:58:54.319 [main] INFO org.springframework.boot.test.context.SpringBootTestContextBootstrapper -- Found @SpringBootConfiguration com.ecommerce.EcommerceApplication for test class com.ecommerce.selenium.CheckoutFlowTest

  .   ____          _            __ _ _
 /\\ / ___'_ __ _ _(_)_ __  __ _ \ \ \ \
( ( )\___ | '_ | '_| | '_ \/ _` | \ \ \ \
 \\/  ___)| |_)| | | | | || (_| |  ) ) ) )
  '  |____| .__|_| |_|_| |_\__, | / / / /
 =========|_|==============|___/=/_/_/_/
 :: Spring Boot ::                (v3.2.5)

2026-05-28T11:58:54.540+07:00  INFO 929504 --- [           main] c.ecommerce.selenium.CheckoutFlowTest    : Starting CheckoutFlowTest using Java 26.0.2 with PID 929504 (started by twan in /home/twan/KIỂM THỬ PHẦN MỀM/ecommerce-webapp)
2026-05-28T11:58:54.540+07:00 DEBUG 929504 --- [           main] c.ecommerce.selenium.CheckoutFlowTest    : Running with Spring Boot v3.2.5, Spring v6.1.6
2026-05-28T11:58:54.541+07:00  INFO 929504 --- [           main] c.ecommerce.selenium.CheckoutFlowTest    : The following 1 profile is active: "test"
2026-05-28T11:58:54.945+07:00  INFO 929504 --- [           main] .s.d.r.c.RepositoryConfigurationDelegate : Bootstrapping Spring Data JPA repositories in DEFAULT mode.
2026-05-28T11:58:54.979+07:00  INFO 929504 --- [           main] .s.d.r.c.RepositoryConfigurationDelegate : Finished Spring Data repository scanning in 30 ms. Found 2 JPA repository interfaces.
2026-05-28T11:58:55.297+07:00  INFO 929504 --- [           main] o.s.b.w.embedded.tomcat.TomcatWebServer  : Tomcat initialized with port 0 (http)
2026-05-28T11:58:55.304+07:00  INFO 929504 --- [           main] o.apache.catalina.core.StandardService   : Starting service [Tomcat]
2026-05-28T11:58:55.304+07:00  INFO 929504 --- [           main] o.apache.catalina.core.StandardEngine    : Starting Servlet engine: [Apache Tomcat/10.1.20]
2026-05-28T11:58:55.334+07:00  INFO 929504 --- [           main] o.a.c.c.C.[Tomcat].[localhost].[/]       : Initializing Spring embedded WebApplicationContext
2026-05-28T11:58:55.334+07:00  INFO 929504 --- [           main] w.s.c.ServletWebServerApplicationContext : Root WebApplicationContext: initialization completed in 781 ms
2026-05-28T11:58:55.364+07:00  INFO 929504 --- [           main] com.zaxxer.hikari.HikariDataSource       : HikariPool-1 - Starting...
2026-05-28T11:58:55.477+07:00  INFO 929504 --- [           main] com.zaxxer.hikari.pool.HikariPool        : HikariPool-1 - Added connection conn0: url=jdbc:h2:mem:testdb user=SA
2026-05-28T11:58:55.479+07:00  INFO 929504 --- [           main] com.zaxxer.hikari.HikariDataSource       : HikariPool-1 - Start completed.
2026-05-28T11:58:55.487+07:00  INFO 929504 --- [           main] o.s.b.a.h2.H2ConsoleAutoConfiguration    : H2 console available at '/h2-console'. Database available at 'jdbc:h2:mem:testdb'
2026-05-28T11:58:55.641+07:00  INFO 929504 --- [           main] o.hibernate.jpa.internal.util.LogHelper  : HHH000204: Processing PersistenceUnitInfo [name: default]
2026-05-28T11:58:55.679+07:00  INFO 929504 --- [           main] org.hibernate.Version                    : HHH000412: Hibernate ORM core version 6.4.4.Final
2026-05-28T11:58:55.707+07:00  INFO 929504 --- [           main] o.h.c.internal.RegionFactoryInitiator    : HHH000026: Second-level cache disabled
2026-05-28T11:58:55.895+07:00  INFO 929504 --- [           main] o.s.o.j.p.SpringPersistenceUnitInfo      : No LoadTimeWeaver setup: ignoring JPA class transformer
2026-05-28T11:58:56.430+07:00  INFO 929504 --- [           main] o.h.e.t.j.p.i.JtaPlatformInitiator       : HHH000489: No JTA platform available (set 'hibernate.transaction.jta.platform' to enable JTA platform integration)
Hibernate: 
    drop table if exists order_items cascade 
Hibernate: 
    drop table if exists orders cascade 
Hibernate: 
    drop table if exists products cascade 
Hibernate: 
    create table order_items (
        price float(53) not null,
        quantity integer not null,
        id bigint generated by default as identity,
        order_id bigint,
        product_id bigint,
        product_name varchar(255),
        primary key (id)
    )
Hibernate: 
    create table orders (
        total_amount float(53) not null,
        id bigint generated by default as identity,
        status varchar(255) check (status in ('PENDING','CONFIRMED','CANCELLED')),
        user_id varchar(255),
        primary key (id)
    )
Hibernate: 
    create table products (
        price float(53) not null,
        stock integer not null,
        id bigint generated by default as identity,
        category varchar(255),
        name varchar(255),
        primary key (id)
    )
Hibernate: 
    alter table if exists order_items 
       add constraint FKbioxgbv59vetrxe0ejfubep1w 
       foreign key (order_id) 
       references orders
2026-05-28T11:58:56.465+07:00  INFO 929504 --- [           main] j.LocalContainerEntityManagerFactoryBean : Initialized JPA EntityManagerFactory for persistence unit 'default'
2026-05-28T11:58:56.766+07:00  WARN 929504 --- [           main] JpaBaseConfiguration$JpaWebConfiguration : spring.jpa.open-in-view is enabled by default. Therefore, database queries may be performed during view rendering. Explicitly configure spring.jpa.open-in-view to disable this warning
2026-05-28T11:58:56.783+07:00  INFO 929504 --- [           main] o.s.b.a.w.s.WelcomePageHandlerMapping    : Adding welcome page template: index
2026-05-28T11:58:57.337+07:00  INFO 929504 --- [           main] o.s.b.w.embedded.tomcat.TomcatWebServer  : Tomcat started on port 42849 (http) with context path ''
2026-05-28T11:58:57.348+07:00  INFO 929504 --- [           main] c.ecommerce.selenium.CheckoutFlowTest    : Started CheckoutFlowTest in 2.955 seconds (process running for 3.466)
Hibernate: 
    select
        count(*) 
    from
        products p1_0
Hibernate: 
    insert 
    into
        products
        (category, name, price, stock, id) 
    values
        (?, ?, ?, ?, default)
Hibernate: 
    insert 
    into
        products
        (category, name, price, stock, id) 
    values
        (?, ?, ?, ?, default)
Hibernate: 
    insert 
    into
        products
        (category, name, price, stock, id) 
    values
        (?, ?, ?, ?, default)
Hibernate: 
    insert 
    into
        products
        (category, name, price, stock, id) 
    values
        (?, ?, ?, ?, default)
Hibernate: 
    insert 
    into
        products
        (category, name, price, stock, id) 
    values
        (?, ?, ?, ?, default)
Hibernate: 
    insert 
    into
        products
        (category, name, price, stock, id) 
    values
        (?, ?, ?, ?, default)
2026-05-28T11:58:57.545+07:00  INFO 929504 --- [           main] j.LocalContainerEntityManagerFactoryBean : Closing JPA EntityManagerFactory for persistence unit 'default'
Hibernate: 
    drop table if exists order_items cascade 
Hibernate: 
    drop table if exists orders cascade 
Hibernate: 
    drop table if exists products cascade 
2026-05-28T11:58:57.549+07:00  INFO 929504 --- [           main] com.zaxxer.hikari.HikariDataSource       : HikariPool-1 - Shutdown initiated...
2026-05-28T11:58:57.550+07:00  INFO 929504 --- [           main] com.zaxxer.hikari.HikariDataSource       : HikariPool-1 - Shutdown completed.

  .   ____          _            __ _ _
 /\\ / ___'_ __ _ _(_)_ __  __ _ \ \ \ \
( ( )\___ | '_ | '_| | '_ \/ _` | \ \ \ \
 \\/  ___)| |_)| | | | | || (_| |  ) ) ) )
  '  |____| .__|_| |_|_| |_\__, | / / / /
 =========|_|==============|___/=/_/_/_/
 :: Spring Boot ::                (v3.2.5)

2026-05-28T11:58:57.573+07:00  INFO 929504 --- [           main] c.ecommerce.selenium.CheckoutFlowTest    : Starting CheckoutFlowTest using Java 26.0.2 with PID 929504 (started by twan in /home/twan/KIỂM THỬ PHẦN MỀM/ecommerce-webapp)
2026-05-28T11:58:57.573+07:00 DEBUG 929504 --- [           main] c.ecommerce.selenium.CheckoutFlowTest    : Running with Spring Boot v3.2.5, Spring v6.1.6
2026-05-28T11:58:57.573+07:00  INFO 929504 --- [           main] c.ecommerce.selenium.CheckoutFlowTest    : The following 1 profile is active: "test"
2026-05-28T11:58:57.645+07:00  INFO 929504 --- [           main] .s.d.r.c.RepositoryConfigurationDelegate : Bootstrapping Spring Data JPA repositories in DEFAULT mode.
2026-05-28T11:58:57.651+07:00  INFO 929504 --- [           main] .s.d.r.c.RepositoryConfigurationDelegate : Finished Spring Data repository scanning in 5 ms. Found 2 JPA repository interfaces.
2026-05-28T11:58:57.700+07:00  INFO 929504 --- [           main] o.s.b.w.embedded.tomcat.TomcatWebServer  : Tomcat initialized with port 0 (http)
2026-05-28T11:58:57.701+07:00  INFO 929504 --- [           main] o.apache.catalina.core.StandardService   : Starting service [Tomcat]
2026-05-28T11:58:57.701+07:00  INFO 929504 --- [           main] o.apache.catalina.core.StandardEngine    : Starting Servlet engine: [Apache Tomcat/10.1.20]
2026-05-28T11:58:57.711+07:00  INFO 929504 --- [           main] o.a.c.c.C.[Tomcat].[localhost].[/]       : Initializing Spring embedded WebApplicationContext
2026-05-28T11:58:57.711+07:00  INFO 929504 --- [           main] w.s.c.ServletWebServerApplicationContext : Root WebApplicationContext: initialization completed in 137 ms
2026-05-28T11:58:57.722+07:00  INFO 929504 --- [           main] com.zaxxer.hikari.HikariDataSource       : HikariPool-2 - Starting...
2026-05-28T11:58:57.724+07:00  INFO 929504 --- [           main] com.zaxxer.hikari.pool.HikariPool        : HikariPool-2 - Added connection conn10: url=jdbc:h2:mem:testdb user=SA
2026-05-28T11:58:57.725+07:00  INFO 929504 --- [           main] com.zaxxer.hikari.HikariDataSource       : HikariPool-2 - Start completed.
2026-05-28T11:58:57.725+07:00  INFO 929504 --- [           main] o.s.b.a.h2.H2ConsoleAutoConfiguration    : H2 console available at '/h2-console'. Database available at 'jdbc:h2:mem:testdb'
2026-05-28T11:58:57.741+07:00  INFO 929504 --- [           main] o.hibernate.jpa.internal.util.LogHelper  : HHH000204: Processing PersistenceUnitInfo [name: default]
2026-05-28T11:58:57.743+07:00  INFO 929504 --- [           main] o.h.c.internal.RegionFactoryInitiator    : HHH000026: Second-level cache disabled
2026-05-28T11:58:57.745+07:00  INFO 929504 --- [           main] o.s.o.j.p.SpringPersistenceUnitInfo      : No LoadTimeWeaver setup: ignoring JPA class transformer
2026-05-28T11:58:57.811+07:00  INFO 929504 --- [           main] o.h.e.t.j.p.i.JtaPlatformInitiator       : HHH000489: No JTA platform available (set 'hibernate.transaction.jta.platform' to enable JTA platform integration)
Hibernate: 
    drop table if exists order_items cascade 
Hibernate: 
    drop table if exists orders cascade 
Hibernate: 
    drop table if exists products cascade 
Hibernate: 
    create table order_items (
        price float(53) not null,
        quantity integer not null,
        id bigint generated by default as identity,
        order_id bigint,
        product_id bigint,
        product_name varchar(255),
        primary key (id)
    )
Hibernate: 
    create table orders (
        total_amount float(53) not null,
        id bigint generated by default as identity,
        status varchar(255) check (status in ('PENDING','CONFIRMED','CANCELLED')),
        user_id varchar(255),
        primary key (id)
    )
Hibernate: 
    create table products (
        price float(53) not null,
        stock integer not null,
        id bigint generated by default as identity,
        category varchar(255),
        name varchar(255),
        primary key (id)
    )
Hibernate: 
    alter table if exists order_items 
       add constraint FKbioxgbv59vetrxe0ejfubep1w 
       foreign key (order_id) 
       references orders
2026-05-28T11:58:57.815+07:00  INFO 929504 --- [           main] j.LocalContainerEntityManagerFactoryBean : Initialized JPA EntityManagerFactory for persistence unit 'default'
2026-05-28T11:58:57.845+07:00  WARN 929504 --- [           main] JpaBaseConfiguration$JpaWebConfiguration : spring.jpa.open-in-view is enabled by default. Therefore, database queries may be performed during view rendering. Explicitly configure spring.jpa.open-in-view to disable this warning
2026-05-28T11:58:57.853+07:00  INFO 929504 --- [           main] o.s.b.a.w.s.WelcomePageHandlerMapping    : Adding welcome page template: index
2026-05-28T11:58:57.946+07:00  INFO 929504 --- [           main] o.s.b.w.embedded.tomcat.TomcatWebServer  : Tomcat started on port 33173 (http) with context path ''
2026-05-28T11:58:57.949+07:00  INFO 929504 --- [           main] c.ecommerce.selenium.CheckoutFlowTest    : Started CheckoutFlowTest in 0.393 seconds (process running for 4.067)
Hibernate: 
    select
        count(*) 
    from
        products p1_0
Hibernate: 
    insert 
    into
        products
        (category, name, price, stock, id) 
    values
        (?, ?, ?, ?, default)
Hibernate: 
    insert 
    into
        products
        (category, name, price, stock, id) 
    values
        (?, ?, ?, ?, default)
Hibernate: 
    insert 
    into
        products
        (category, name, price, stock, id) 
    values
        (?, ?, ?, ?, default)
Hibernate: 
    insert 
    into
        products
        (category, name, price, stock, id) 
    values
        (?, ?, ?, ?, default)
Hibernate: 
    insert 
    into
        products
        (category, name, price, stock, id) 
    values
        (?, ?, ?, ?, default)
Hibernate: 
    insert 
    into
        products
        (category, name, price, stock, id) 
    values
        (?, ?, ?, ?, default)
2026-05-28T11:58:58.254+07:00  INFO 929504 --- [           main] i.g.b.wdm.cache.ResolutionCache          : Clearing WebDriverManager resolution cache
2026-05-28T11:58:58.857+07:00  INFO 929504 --- [           main] i.g.bonigarcia.wdm.WebDriverManager      : Using chromedriver 144.0.7559.133 (resolved driver for Chrome 144)
2026-05-28T11:58:58.872+07:00  INFO 929504 --- [           main] i.g.bonigarcia.wdm.WebDriverManager      : Exporting webdriver.chrome.driver as /home/twan/.cache/selenium/chromedriver/linux64/144.0.7559.133/chromedriver
2026-05-28T11:58:59.247+07:00  WARN 929504 --- [           main] o.o.selenium.devtools.CdpVersionFinder   : Unable to find CDP implementation matching 144
2026-05-28T11:58:59.247+07:00  WARN 929504 --- [           main] o.o.selenium.chromium.ChromiumDriver     : Unable to find version of CDP to use for 144.0.7559.109. You may need to include a dependency on a specific version of the CDP using something similar to `org.seleniumhq.selenium:selenium-devtools-v86:4.27.0` where the version ("v86") matches the version of the chromium-based browser you're using and the version number of the artifact is the same as Selenium's.
2026-05-28T11:58:59.305+07:00  INFO 929504 --- [o-auto-2-exec-1] o.a.c.c.C.[Tomcat].[localhost].[/]       : Initializing Spring DispatcherServlet 'dispatcherServlet'
2026-05-28T11:58:59.306+07:00  INFO 929504 --- [o-auto-2-exec-1] o.s.web.servlet.DispatcherServlet        : Initializing Servlet 'dispatcherServlet'
2026-05-28T11:58:59.307+07:00  INFO 929504 --- [o-auto-2-exec-1] o.s.web.servlet.DispatcherServlet        : Completed initialization in 0 ms
Hibernate: 
    select
        p1_0.id,
        p1_0.category,
        p1_0.name,
        p1_0.price,
        p1_0.stock 
    from
        products p1_0
Hibernate: 
    select
        p1_0.id,
        p1_0.category,
        p1_0.name,
        p1_0.price,
        p1_0.stock 
    from
        products p1_0 
    where
        p1_0.id=?
Hibernate: 
    select
        p1_0.id,
        p1_0.category,
        p1_0.name,
        p1_0.price,
        p1_0.stock 
    from
        products p1_0
Hibernate: 
    select
        p1_0.id,
        p1_0.category,
        p1_0.name,
        p1_0.price,
        p1_0.stock 
    from
        products p1_0 
    where
        p1_0.id=?
Hibernate: 
    insert 
    into
        orders
        (status, total_amount, user_id, id) 
    values
        (?, ?, ?, default)
Hibernate: 
    insert 
    into
        order_items
        (price, product_id, product_name, quantity, id) 
    values
        (?, ?, ?, ?, default)
Hibernate: 
    update
        products 
    set
        category=?,
        name=?,
        price=?,
        stock=? 
    where
        id=?
Hibernate: 
    update
        order_items 
    set
        order_id=? 
    where
        id=?
Hibernate: 
    update
        orders 
    set
        status=?,
        total_amount=?,
        user_id=? 
    where
        id=?
]]></system-out>
    <system-err><![CDATA[WARNING: A Java agent has been loaded dynamically (/home/twan/.m2/repository/net/bytebuddy/byte-buddy-agent/1.14.13/byte-buddy-agent-1.14.13.jar)
WARNING: If a serviceability tool is in use, please run with -XX:+EnableDynamicAgentLoading to hide this warning
WARNING: If a serviceability tool is not in use, please run with -Djdk.instrument.traceUsage for more information
WARNING: Dynamic loading of agents will be disallowed by default in a future release
]]></system-err>
  </testcase>
  <testcase name="test_checkoutWithEmptyCart_shouldShowWarning" classname="com.ecommerce.selenium.CheckoutFlowTest" time="0.921">
    <system-out><![CDATA[2026-05-28T11:59:00.100+07:00  INFO 929504 --- [           main] j.LocalContainerEntityManagerFactoryBean : Closing JPA EntityManagerFactory for persistence unit 'default'
Hibernate: 
    drop table if exists order_items cascade 
Hibernate: 
    drop table if exists orders cascade 
Hibernate: 
    drop table if exists products cascade 
2026-05-28T11:59:00.102+07:00  INFO 929504 --- [           main] com.zaxxer.hikari.HikariDataSource       : HikariPool-2 - Shutdown initiated...
2026-05-28T11:59:00.102+07:00  INFO 929504 --- [           main] com.zaxxer.hikari.HikariDataSource       : HikariPool-2 - Shutdown completed.

  .   ____          _            __ _ _
 /\\ / ___'_ __ _ _(_)_ __  __ _ \ \ \ \
( ( )\___ | '_ | '_| | '_ \/ _` | \ \ \ \
 \\/  ___)| |_)| | | | | || (_| |  ) ) ) )
  '  |____| .__|_| |_|_| |_\__, | / / / /
 =========|_|==============|___/=/_/_/_/
 :: Spring Boot ::                (v3.2.5)

2026-05-28T11:59:00.113+07:00  INFO 929504 --- [           main] c.ecommerce.selenium.CheckoutFlowTest    : Starting CheckoutFlowTest using Java 26.0.2 with PID 929504 (started by twan in /home/twan/KIỂM THỬ PHẦN MỀM/ecommerce-webapp)
2026-05-28T11:59:00.113+07:00 DEBUG 929504 --- [           main] c.ecommerce.selenium.CheckoutFlowTest    : Running with Spring Boot v3.2.5, Spring v6.1.6
2026-05-28T11:59:00.114+07:00  INFO 929504 --- [           main] c.ecommerce.selenium.CheckoutFlowTest    : The following 1 profile is active: "test"
2026-05-28T11:59:00.172+07:00  INFO 929504 --- [           main] .s.d.r.c.RepositoryConfigurationDelegate : Bootstrapping Spring Data JPA repositories in DEFAULT mode.
2026-05-28T11:59:00.176+07:00  INFO 929504 --- [           main] .s.d.r.c.RepositoryConfigurationDelegate : Finished Spring Data repository scanning in 3 ms. Found 2 JPA repository interfaces.
2026-05-28T11:59:00.206+07:00  INFO 929504 --- [           main] o.s.b.w.embedded.tomcat.TomcatWebServer  : Tomcat initialized with port 0 (http)
2026-05-28T11:59:00.207+07:00  INFO 929504 --- [           main] o.apache.catalina.core.StandardService   : Starting service [Tomcat]
2026-05-28T11:59:00.207+07:00  INFO 929504 --- [           main] o.apache.catalina.core.StandardEngine    : Starting Servlet engine: [Apache Tomcat/10.1.20]
2026-05-28T11:59:00.213+07:00  INFO 929504 --- [           main] o.a.c.c.C.[Tomcat].[localhost].[/]       : Initializing Spring embedded WebApplicationContext
2026-05-28T11:59:00.213+07:00  INFO 929504 --- [           main] w.s.c.ServletWebServerApplicationContext : Root WebApplicationContext: initialization completed in 99 ms
2026-05-28T11:59:00.219+07:00  INFO 929504 --- [           main] com.zaxxer.hikari.HikariDataSource       : HikariPool-3 - Starting...
2026-05-28T11:59:00.221+07:00  INFO 929504 --- [           main] com.zaxxer.hikari.pool.HikariPool        : HikariPool-3 - Added connection conn20: url=jdbc:h2:mem:testdb user=SA
2026-05-28T11:59:00.221+07:00  INFO 929504 --- [           main] com.zaxxer.hikari.HikariDataSource       : HikariPool-3 - Start completed.
2026-05-28T11:59:00.221+07:00  INFO 929504 --- [           main] o.s.b.a.h2.H2ConsoleAutoConfiguration    : H2 console available at '/h2-console'. Database available at 'jdbc:h2:mem:testdb'
2026-05-28T11:59:00.231+07:00  INFO 929504 --- [           main] o.hibernate.jpa.internal.util.LogHelper  : HHH000204: Processing PersistenceUnitInfo [name: default]
2026-05-28T11:59:00.233+07:00  INFO 929504 --- [           main] o.h.c.internal.RegionFactoryInitiator    : HHH000026: Second-level cache disabled
2026-05-28T11:59:00.235+07:00  INFO 929504 --- [           main] o.s.o.j.p.SpringPersistenceUnitInfo      : No LoadTimeWeaver setup: ignoring JPA class transformer
2026-05-28T11:59:00.271+07:00  INFO 929504 --- [           main] o.h.e.t.j.p.i.JtaPlatformInitiator       : HHH000489: No JTA platform available (set 'hibernate.transaction.jta.platform' to enable JTA platform integration)
Hibernate: 
    drop table if exists order_items cascade 
Hibernate: 
    drop table if exists orders cascade 
Hibernate: 
    drop table if exists products cascade 
Hibernate: 
    create table order_items (
        price float(53) not null,
        quantity integer not null,
        id bigint generated by default as identity,
        order_id bigint,
        product_id bigint,
        product_name varchar(255),
        primary key (id)
    )
Hibernate: 
    create table orders (
        total_amount float(53) not null,
        id bigint generated by default as identity,
        status varchar(255) check (status in ('PENDING','CONFIRMED','CANCELLED')),
        user_id varchar(255),
        primary key (id)
    )
Hibernate: 
    create table products (
        price float(53) not null,
        stock integer not null,
        id bigint generated by default as identity,
        category varchar(255),
        name varchar(255),
        primary key (id)
    )
Hibernate: 
    alter table if exists order_items 
       add constraint FKbioxgbv59vetrxe0ejfubep1w 
       foreign key (order_id) 
       references orders
2026-05-28T11:59:00.275+07:00  INFO 929504 --- [           main] j.LocalContainerEntityManagerFactoryBean : Initialized JPA EntityManagerFactory for persistence unit 'default'
2026-05-28T11:59:00.299+07:00  WARN 929504 --- [           main] JpaBaseConfiguration$JpaWebConfiguration : spring.jpa.open-in-view is enabled by default. Therefore, database queries may be performed during view rendering. Explicitly configure spring.jpa.open-in-view to disable this warning
2026-05-28T11:59:00.302+07:00  INFO 929504 --- [           main] o.s.b.a.w.s.WelcomePageHandlerMapping    : Adding welcome page template: index
2026-05-28T11:59:00.342+07:00  INFO 929504 --- [           main] o.s.b.w.embedded.tomcat.TomcatWebServer  : Tomcat started on port 33437 (http) with context path ''
2026-05-28T11:59:00.344+07:00  INFO 929504 --- [           main] c.ecommerce.selenium.CheckoutFlowTest    : Started CheckoutFlowTest in 0.239 seconds (process running for 6.463)
Hibernate: 
    select
        count(*) 
    from
        products p1_0
Hibernate: 
    insert 
    into
        products
        (category, name, price, stock, id) 
    values
        (?, ?, ?, ?, default)
Hibernate: 
    insert 
    into
        products
        (category, name, price, stock, id) 
    values
        (?, ?, ?, ?, default)
Hibernate: 
    insert 
    into
        products
        (category, name, price, stock, id) 
    values
        (?, ?, ?, ?, default)
Hibernate: 
    insert 
    into
        products
        (category, name, price, stock, id) 
    values
        (?, ?, ?, ?, default)
Hibernate: 
    insert 
    into
        products
        (category, name, price, stock, id) 
    values
        (?, ?, ?, ?, default)
Hibernate: 
    insert 
    into
        products
        (category, name, price, stock, id) 
    values
        (?, ?, ?, ?, default)
2026-05-28T11:59:00.355+07:00  INFO 929504 --- [           main] i.g.b.wdm.cache.ResolutionCache          : Clearing WebDriverManager resolution cache
2026-05-28T11:59:00.646+07:00  INFO 929504 --- [           main] i.g.bonigarcia.wdm.WebDriverManager      : Using chromedriver 144.0.7559.133 (resolved driver for Chrome 144)
2026-05-28T11:59:00.648+07:00  INFO 929504 --- [           main] i.g.bonigarcia.wdm.WebDriverManager      : Exporting webdriver.chrome.driver as /home/twan/.cache/selenium/chromedriver/linux64/144.0.7559.133/chromedriver
2026-05-28T11:59:00.840+07:00  WARN 929504 --- [           main] o.o.selenium.devtools.CdpVersionFinder   : Unable to find CDP implementation matching 144
2026-05-28T11:59:00.840+07:00  WARN 929504 --- [           main] o.o.selenium.chromium.ChromiumDriver     : Unable to find version of CDP to use for 144.0.7559.109. You may need to include a dependency on a specific version of the CDP using something similar to `org.seleniumhq.selenium:selenium-devtools-v86:4.27.0` where the version ("v86") matches the version of the chromium-based browser you're using and the version number of the artifact is the same as Selenium's.
2026-05-28T11:59:00.852+07:00  INFO 929504 --- [o-auto-3-exec-1] o.a.c.c.C.[Tomcat].[localhost].[/]       : Initializing Spring DispatcherServlet 'dispatcherServlet'
2026-05-28T11:59:00.853+07:00  INFO 929504 --- [o-auto-3-exec-1] o.s.web.servlet.DispatcherServlet        : Initializing Servlet 'dispatcherServlet'
2026-05-28T11:59:00.853+07:00  INFO 929504 --- [o-auto-3-exec-1] o.s.web.servlet.DispatcherServlet        : Completed initialization in 0 ms
]]></system-out>
  </testcase>
  <testcase name="test_applyInvalidVoucher_shouldShowErrorMessage" classname="com.ecommerce.selenium.CheckoutFlowTest" time="1.679">
    <system-out><![CDATA[2026-05-28T11:59:01.021+07:00  INFO 929504 --- [           main] j.LocalContainerEntityManagerFactoryBean : Closing JPA EntityManagerFactory for persistence unit 'default'
Hibernate: 
    drop table if exists order_items cascade 
Hibernate: 
    drop table if exists orders cascade 
Hibernate: 
    drop table if exists products cascade 
2026-05-28T11:59:01.023+07:00  INFO 929504 --- [           main] com.zaxxer.hikari.HikariDataSource       : HikariPool-3 - Shutdown initiated...
2026-05-28T11:59:01.023+07:00  INFO 929504 --- [           main] com.zaxxer.hikari.HikariDataSource       : HikariPool-3 - Shutdown completed.

  .   ____          _            __ _ _
 /\\ / ___'_ __ _ _(_)_ __  __ _ \ \ \ \
( ( )\___ | '_ | '_| | '_ \/ _` | \ \ \ \
 \\/  ___)| |_)| | | | | || (_| |  ) ) ) )
  '  |____| .__|_| |_|_| |_\__, | / / / /
 =========|_|==============|___/=/_/_/_/
 :: Spring Boot ::                (v3.2.5)

2026-05-28T11:59:01.033+07:00  INFO 929504 --- [           main] c.ecommerce.selenium.CheckoutFlowTest    : Starting CheckoutFlowTest using Java 26.0.2 with PID 929504 (started by twan in /home/twan/KIỂM THỬ PHẦN MỀM/ecommerce-webapp)
2026-05-28T11:59:01.033+07:00 DEBUG 929504 --- [           main] c.ecommerce.selenium.CheckoutFlowTest    : Running with Spring Boot v3.2.5, Spring v6.1.6
2026-05-28T11:59:01.033+07:00  INFO 929504 --- [           main] c.ecommerce.selenium.CheckoutFlowTest    : The following 1 profile is active: "test"
2026-05-28T11:59:01.086+07:00  INFO 929504 --- [           main] .s.d.r.c.RepositoryConfigurationDelegate : Bootstrapping Spring Data JPA repositories in DEFAULT mode.
2026-05-28T11:59:01.090+07:00  INFO 929504 --- [           main] .s.d.r.c.RepositoryConfigurationDelegate : Finished Spring Data repository scanning in 3 ms. Found 2 JPA repository interfaces.
2026-05-28T11:59:01.115+07:00  INFO 929504 --- [           main] o.s.b.w.embedded.tomcat.TomcatWebServer  : Tomcat initialized with port 0 (http)
2026-05-28T11:59:01.115+07:00  INFO 929504 --- [           main] o.apache.catalina.core.StandardService   : Starting service [Tomcat]
2026-05-28T11:59:01.116+07:00  INFO 929504 --- [           main] o.apache.catalina.core.StandardEngine    : Starting Servlet engine: [Apache Tomcat/10.1.20]
2026-05-28T11:59:01.122+07:00  INFO 929504 --- [           main] o.a.c.c.C.[Tomcat].[localhost].[/]       : Initializing Spring embedded WebApplicationContext
2026-05-28T11:59:01.122+07:00  INFO 929504 --- [           main] w.s.c.ServletWebServerApplicationContext : Root WebApplicationContext: initialization completed in 88 ms
2026-05-28T11:59:01.127+07:00  INFO 929504 --- [           main] com.zaxxer.hikari.HikariDataSource       : HikariPool-4 - Starting...
2026-05-28T11:59:01.129+07:00  INFO 929504 --- [           main] com.zaxxer.hikari.pool.HikariPool        : HikariPool-4 - Added connection conn30: url=jdbc:h2:mem:testdb user=SA
2026-05-28T11:59:01.129+07:00  INFO 929504 --- [           main] com.zaxxer.hikari.HikariDataSource       : HikariPool-4 - Start completed.
2026-05-28T11:59:01.129+07:00  INFO 929504 --- [           main] o.s.b.a.h2.H2ConsoleAutoConfiguration    : H2 console available at '/h2-console'. Database available at 'jdbc:h2:mem:testdb'
2026-05-28T11:59:01.138+07:00  INFO 929504 --- [           main] o.hibernate.jpa.internal.util.LogHelper  : HHH000204: Processing PersistenceUnitInfo [name: default]
2026-05-28T11:59:01.139+07:00  INFO 929504 --- [           main] o.h.c.internal.RegionFactoryInitiator    : HHH000026: Second-level cache disabled
2026-05-28T11:59:01.141+07:00  INFO 929504 --- [           main] o.s.o.j.p.SpringPersistenceUnitInfo      : No LoadTimeWeaver setup: ignoring JPA class transformer
2026-05-28T11:59:01.170+07:00  INFO 929504 --- [           main] o.h.e.t.j.p.i.JtaPlatformInitiator       : HHH000489: No JTA platform available (set 'hibernate.transaction.jta.platform' to enable JTA platform integration)
Hibernate: 
    drop table if exists order_items cascade 
Hibernate: 
    drop table if exists orders cascade 
Hibernate: 
    drop table if exists products cascade 
Hibernate: 
    create table order_items (
        price float(53) not null,
        quantity integer not null,
        id bigint generated by default as identity,
        order_id bigint,
        product_id bigint,
        product_name varchar(255),
        primary key (id)
    )
Hibernate: 
    create table orders (
        total_amount float(53) not null,
        id bigint generated by default as identity,
        status varchar(255) check (status in ('PENDING','CONFIRMED','CANCELLED')),
        user_id varchar(255),
        primary key (id)
    )
Hibernate: 
    create table products (
        price float(53) not null,
        stock integer not null,
        id bigint generated by default as identity,
        category varchar(255),
        name varchar(255),
        primary key (id)
    )
Hibernate: 
    alter table if exists order_items 
       add constraint FKbioxgbv59vetrxe0ejfubep1w 
       foreign key (order_id) 
       references orders
2026-05-28T11:59:01.174+07:00  INFO 929504 --- [           main] j.LocalContainerEntityManagerFactoryBean : Initialized JPA EntityManagerFactory for persistence unit 'default'
2026-05-28T11:59:01.193+07:00  WARN 929504 --- [           main] JpaBaseConfiguration$JpaWebConfiguration : spring.jpa.open-in-view is enabled by default. Therefore, database queries may be performed during view rendering. Explicitly configure spring.jpa.open-in-view to disable this warning
2026-05-28T11:59:01.196+07:00  INFO 929504 --- [           main] o.s.b.a.w.s.WelcomePageHandlerMapping    : Adding welcome page template: index
2026-05-28T11:59:01.227+07:00  INFO 929504 --- [           main] o.s.b.w.embedded.tomcat.TomcatWebServer  : Tomcat started on port 37263 (http) with context path ''
2026-05-28T11:59:01.228+07:00  INFO 929504 --- [           main] c.ecommerce.selenium.CheckoutFlowTest    : Started CheckoutFlowTest in 0.203 seconds (process running for 7.347)
Hibernate: 
    select
        count(*) 
    from
        products p1_0
Hibernate: 
    insert 
    into
        products
        (category, name, price, stock, id) 
    values
        (?, ?, ?, ?, default)
Hibernate: 
    insert 
    into
        products
        (category, name, price, stock, id) 
    values
        (?, ?, ?, ?, default)
Hibernate: 
    insert 
    into
        products
        (category, name, price, stock, id) 
    values
        (?, ?, ?, ?, default)
Hibernate: 
    insert 
    into
        products
        (category, name, price, stock, id) 
    values
        (?, ?, ?, ?, default)
Hibernate: 
    insert 
    into
        products
        (category, name, price, stock, id) 
    values
        (?, ?, ?, ?, default)
Hibernate: 
    insert 
    into
        products
        (category, name, price, stock, id) 
    values
        (?, ?, ?, ?, default)
2026-05-28T11:59:01.238+07:00  INFO 929504 --- [           main] i.g.b.wdm.cache.ResolutionCache          : Clearing WebDriverManager resolution cache
2026-05-28T11:59:01.559+07:00  INFO 929504 --- [           main] i.g.bonigarcia.wdm.WebDriverManager      : Using chromedriver 144.0.7559.133 (resolved driver for Chrome 144)
2026-05-28T11:59:01.561+07:00  INFO 929504 --- [           main] i.g.bonigarcia.wdm.WebDriverManager      : Exporting webdriver.chrome.driver as /home/twan/.cache/selenium/chromedriver/linux64/144.0.7559.133/chromedriver
2026-05-28T11:59:01.730+07:00  WARN 929504 --- [           main] o.o.selenium.devtools.CdpVersionFinder   : Unable to find CDP implementation matching 144
2026-05-28T11:59:01.730+07:00  WARN 929504 --- [           main] o.o.selenium.chromium.ChromiumDriver     : Unable to find version of CDP to use for 144.0.7559.109. You may need to include a dependency on a specific version of the CDP using something similar to `org.seleniumhq.selenium:selenium-devtools-v86:4.27.0` where the version ("v86") matches the version of the chromium-based browser you're using and the version number of the artifact is the same as Selenium's.
2026-05-28T11:59:01.736+07:00  INFO 929504 --- [o-auto-4-exec-1] o.a.c.c.C.[Tomcat].[localhost].[/]       : Initializing Spring DispatcherServlet 'dispatcherServlet'
2026-05-28T11:59:01.736+07:00  INFO 929504 --- [o-auto-4-exec-1] o.s.web.servlet.DispatcherServlet        : Initializing Servlet 'dispatcherServlet'
2026-05-28T11:59:01.736+07:00  INFO 929504 --- [o-auto-4-exec-1] o.s.web.servlet.DispatcherServlet        : Completed initialization in 0 ms
Hibernate: 
    select
        p1_0.id,
        p1_0.category,
        p1_0.name,
        p1_0.price,
        p1_0.stock 
    from
        products p1_0
Hibernate: 
    select
        p1_0.id,
        p1_0.category,
        p1_0.name,
        p1_0.price,
        p1_0.stock 
    from
        products p1_0 
    where
        p1_0.id=?
Hibernate: 
    select
        p1_0.id,
        p1_0.category,
        p1_0.name,
        p1_0.price,
        p1_0.stock 
    from
        products p1_0
Hibernate: 
    select
        p1_0.id,
        p1_0.category,
        p1_0.name,
        p1_0.price,
        p1_0.stock 
    from
        products p1_0 
    where
        p1_0.id=?
Hibernate: 
    insert 
    into
        orders
        (status, total_amount, user_id, id) 
    values
        (?, ?, ?, default)
Hibernate: 
    insert 
    into
        order_items
        (price, product_id, product_name, quantity, id) 
    values
        (?, ?, ?, ?, default)
Hibernate: 
    update
        products 
    set
        category=?,
        name=?,
        price=?,
        stock=? 
    where
        id=?
Hibernate: 
    update
        order_items 
    set
        order_id=? 
    where
        id=?
]]></system-out>
  </testcase>
  <testcase name="test_fullPurchaseFlow_validVoucher_shouldCompleteOrder" classname="com.ecommerce.selenium.CheckoutFlowTest" time="1.963">
    <system-out><![CDATA[2026-05-28T11:59:02.702+07:00  INFO 929504 --- [           main] j.LocalContainerEntityManagerFactoryBean : Closing JPA EntityManagerFactory for persistence unit 'default'
Hibernate: 
    drop table if exists order_items cascade 
Hibernate: 
    drop table if exists orders cascade 
Hibernate: 
    drop table if exists products cascade 
2026-05-28T11:59:02.703+07:00  INFO 929504 --- [           main] com.zaxxer.hikari.HikariDataSource       : HikariPool-4 - Shutdown initiated...
2026-05-28T11:59:02.704+07:00  INFO 929504 --- [           main] com.zaxxer.hikari.HikariDataSource       : HikariPool-4 - Shutdown completed.

  .   ____          _            __ _ _
 /\\ / ___'_ __ _ _(_)_ __  __ _ \ \ \ \
( ( )\___ | '_ | '_| | '_ \/ _` | \ \ \ \
 \\/  ___)| |_)| | | | | || (_| |  ) ) ) )
  '  |____| .__|_| |_|_| |_\__, | / / / /
 =========|_|==============|___/=/_/_/_/
 :: Spring Boot ::                (v3.2.5)

2026-05-28T11:59:02.713+07:00  INFO 929504 --- [           main] c.ecommerce.selenium.CheckoutFlowTest    : Starting CheckoutFlowTest using Java 26.0.2 with PID 929504 (started by twan in /home/twan/KIỂM THỬ PHẦN MỀM/ecommerce-webapp)
2026-05-28T11:59:02.713+07:00 DEBUG 929504 --- [           main] c.ecommerce.selenium.CheckoutFlowTest    : Running with Spring Boot v3.2.5, Spring v6.1.6
2026-05-28T11:59:02.714+07:00  INFO 929504 --- [           main] c.ecommerce.selenium.CheckoutFlowTest    : The following 1 profile is active: "test"
2026-05-28T11:59:02.752+07:00  INFO 929504 --- [           main] .s.d.r.c.RepositoryConfigurationDelegate : Bootstrapping Spring Data JPA repositories in DEFAULT mode.
2026-05-28T11:59:02.755+07:00  INFO 929504 --- [           main] .s.d.r.c.RepositoryConfigurationDelegate : Finished Spring Data repository scanning in 2 ms. Found 2 JPA repository interfaces.
2026-05-28T11:59:02.778+07:00  INFO 929504 --- [           main] o.s.b.w.embedded.tomcat.TomcatWebServer  : Tomcat initialized with port 0 (http)
2026-05-28T11:59:02.778+07:00  INFO 929504 --- [           main] o.apache.catalina.core.StandardService   : Starting service [Tomcat]
2026-05-28T11:59:02.778+07:00  INFO 929504 --- [           main] o.apache.catalina.core.StandardEngine    : Starting Servlet engine: [Apache Tomcat/10.1.20]
2026-05-28T11:59:02.784+07:00  INFO 929504 --- [           main] o.a.c.c.C.[Tomcat].[localhost].[/]       : Initializing Spring embedded WebApplicationContext
2026-05-28T11:59:02.784+07:00  INFO 929504 --- [           main] w.s.c.ServletWebServerApplicationContext : Root WebApplicationContext: initialization completed in 70 ms
2026-05-28T11:59:02.789+07:00  INFO 929504 --- [           main] com.zaxxer.hikari.HikariDataSource       : HikariPool-5 - Starting...
2026-05-28T11:59:02.790+07:00  INFO 929504 --- [           main] com.zaxxer.hikari.pool.HikariPool        : HikariPool-5 - Added connection conn40: url=jdbc:h2:mem:testdb user=SA
2026-05-28T11:59:02.790+07:00  INFO 929504 --- [           main] com.zaxxer.hikari.HikariDataSource       : HikariPool-5 - Start completed.
2026-05-28T11:59:02.791+07:00  INFO 929504 --- [           main] o.s.b.a.h2.H2ConsoleAutoConfiguration    : H2 console available at '/h2-console'. Database available at 'jdbc:h2:mem:testdb'
2026-05-28T11:59:02.799+07:00  INFO 929504 --- [           main] o.hibernate.jpa.internal.util.LogHelper  : HHH000204: Processing PersistenceUnitInfo [name: default]
2026-05-28T11:59:02.800+07:00  INFO 929504 --- [           main] o.h.c.internal.RegionFactoryInitiator    : HHH000026: Second-level cache disabled
2026-05-28T11:59:02.802+07:00  INFO 929504 --- [           main] o.s.o.j.p.SpringPersistenceUnitInfo      : No LoadTimeWeaver setup: ignoring JPA class transformer
2026-05-28T11:59:02.833+07:00  INFO 929504 --- [           main] o.h.e.t.j.p.i.JtaPlatformInitiator       : HHH000489: No JTA platform available (set 'hibernate.transaction.jta.platform' to enable JTA platform integration)
Hibernate: 
    drop table if exists order_items cascade 
Hibernate: 
    drop table if exists orders cascade 
Hibernate: 
    drop table if exists products cascade 
Hibernate: 
    create table order_items (
        price float(53) not null,
        quantity integer not null,
        id bigint generated by default as identity,
        order_id bigint,
        product_id bigint,
        product_name varchar(255),
        primary key (id)
    )
Hibernate: 
    create table orders (
        total_amount float(53) not null,
        id bigint generated by default as identity,
        status varchar(255) check (status in ('PENDING','CONFIRMED','CANCELLED')),
        user_id varchar(255),
        primary key (id)
    )
Hibernate: 
    create table products (
        price float(53) not null,
        stock integer not null,
        id bigint generated by default as identity,
        category varchar(255),
        name varchar(255),
        primary key (id)
    )
Hibernate: 
    alter table if exists order_items 
       add constraint FKbioxgbv59vetrxe0ejfubep1w 
       foreign key (order_id) 
       references orders
2026-05-28T11:59:02.837+07:00  INFO 929504 --- [           main] j.LocalContainerEntityManagerFactoryBean : Initialized JPA EntityManagerFactory for persistence unit 'default'
2026-05-28T11:59:02.858+07:00  WARN 929504 --- [           main] JpaBaseConfiguration$JpaWebConfiguration : spring.jpa.open-in-view is enabled by default. Therefore, database queries may be performed during view rendering. Explicitly configure spring.jpa.open-in-view to disable this warning
2026-05-28T11:59:02.862+07:00  INFO 929504 --- [           main] o.s.b.a.w.s.WelcomePageHandlerMapping    : Adding welcome page template: index
2026-05-28T11:59:02.905+07:00  INFO 929504 --- [           main] o.s.b.w.embedded.tomcat.TomcatWebServer  : Tomcat started on port 43737 (http) with context path ''
2026-05-28T11:59:02.907+07:00  INFO 929504 --- [           main] c.ecommerce.selenium.CheckoutFlowTest    : Started CheckoutFlowTest in 0.201 seconds (process running for 9.026)
Hibernate: 
    select
        count(*) 
    from
        products p1_0
Hibernate: 
    insert 
    into
        products
        (category, name, price, stock, id) 
    values
        (?, ?, ?, ?, default)
Hibernate: 
    insert 
    into
        products
        (category, name, price, stock, id) 
    values
        (?, ?, ?, ?, default)
Hibernate: 
    insert 
    into
        products
        (category, name, price, stock, id) 
    values
        (?, ?, ?, ?, default)
Hibernate: 
    insert 
    into
        products
        (category, name, price, stock, id) 
    values
        (?, ?, ?, ?, default)
Hibernate: 
    insert 
    into
        products
        (category, name, price, stock, id) 
    values
        (?, ?, ?, ?, default)
Hibernate: 
    insert 
    into
        products
        (category, name, price, stock, id) 
    values
        (?, ?, ?, ?, default)
2026-05-28T11:59:02.920+07:00  INFO 929504 --- [           main] i.g.b.wdm.cache.ResolutionCache          : Clearing WebDriverManager resolution cache
2026-05-28T11:59:03.236+07:00  INFO 929504 --- [           main] i.g.bonigarcia.wdm.WebDriverManager      : Using chromedriver 144.0.7559.133 (resolved driver for Chrome 144)
2026-05-28T11:59:03.238+07:00  INFO 929504 --- [           main] i.g.bonigarcia.wdm.WebDriverManager      : Exporting webdriver.chrome.driver as /home/twan/.cache/selenium/chromedriver/linux64/144.0.7559.133/chromedriver
2026-05-28T11:59:03.407+07:00  WARN 929504 --- [           main] o.o.selenium.devtools.CdpVersionFinder   : Unable to find CDP implementation matching 144
2026-05-28T11:59:03.407+07:00  WARN 929504 --- [           main] o.o.selenium.chromium.ChromiumDriver     : Unable to find version of CDP to use for 144.0.7559.109. You may need to include a dependency on a specific version of the CDP using something similar to `org.seleniumhq.selenium:selenium-devtools-v86:4.27.0` where the version ("v86") matches the version of the chromium-based browser you're using and the version number of the artifact is the same as Selenium's.
2026-05-28T11:59:03.414+07:00  INFO 929504 --- [o-auto-5-exec-1] o.a.c.c.C.[Tomcat].[localhost].[/]       : Initializing Spring DispatcherServlet 'dispatcherServlet'
2026-05-28T11:59:03.414+07:00  INFO 929504 --- [o-auto-5-exec-1] o.s.web.servlet.DispatcherServlet        : Initializing Servlet 'dispatcherServlet'
2026-05-28T11:59:03.415+07:00  INFO 929504 --- [o-auto-5-exec-1] o.s.web.servlet.DispatcherServlet        : Completed initialization in 1 ms
Hibernate: 
    select
        p1_0.id,
        p1_0.category,
        p1_0.name,
        p1_0.price,
        p1_0.stock 
    from
        products p1_0
Hibernate: 
    select
        p1_0.id,
        p1_0.category,
        p1_0.name,
        p1_0.price,
        p1_0.stock 
    from
        products p1_0 
    where
        upper(p1_0.name) like upper(?) escape '\'
Hibernate: 
    select
        p1_0.id,
        p1_0.category,
        p1_0.name,
        p1_0.price,
        p1_0.stock 
    from
        products p1_0 
    where
        p1_0.id=?
Hibernate: 
    select
        p1_0.id,
        p1_0.category,
        p1_0.name,
        p1_0.price,
        p1_0.stock 
    from
        products p1_0
Hibernate: 
    select
        p1_0.id,
        p1_0.category,
        p1_0.name,
        p1_0.price,
        p1_0.stock 
    from
        products p1_0 
    where
        p1_0.id=?
Hibernate: 
    insert 
    into
        orders
        (status, total_amount, user_id, id) 
    values
        (?, ?, ?, default)
Hibernate: 
    insert 
    into
        order_items
        (price, product_id, product_name, quantity, id) 
    values
        (?, ?, ?, ?, default)
Hibernate: 
    update
        products 
    set
        category=?,
        name=?,
        price=?,
        stock=? 
    where
        id=?
Hibernate: 
    update
        order_items 
    set
        order_id=? 
    where
        id=?
Hibernate: 
    update
        orders 
    set
        status=?,
        total_amount=?,
        user_id=? 
    where
        id=?
Hibernate: 
    select
        o1_0.id,
        o1_0.status,
        o1_0.total_amount,
        o1_0.user_id,
        i1_0.order_id,
        i1_0.id,
        i1_0.price,
        i1_0.product_id,
        i1_0.product_name,
        i1_0.quantity 
    from
        orders o1_0 
    left join
        order_items i1_0 
            on o1_0.id=i1_0.order_id 
    where
        o1_0.id=?
Hibernate: 
    select
        o1_0.id,
        o1_0.status,
        o1_0.total_amount,
        o1_0.user_id,
        i1_0.order_id,
        i1_0.id,
        i1_0.price,
        i1_0.product_id,
        i1_0.product_name,
        i1_0.quantity 
    from
        orders o1_0 
    left join
        order_items i1_0 
            on o1_0.id=i1_0.order_id 
    where
        o1_0.id=?
]]></system-out>
  </testcase>
</testsuite>