<?xml version="1.0" encoding="UTF-8"?>
<testsuite xmlns:xsi="http://www.w3.org/2001/XMLSchema-instance" xsi:noNamespaceSchemaLocation="https://maven.apache.org/surefire/maven-failsafe-plugin/xsd/failsafe-test-report-3.0.xsd" version="3.0" name="com.ecommerce.selenium.HomePageTest" time="2.401" tests="2" errors="0" skipped="0" failures="0">
  <properties>
[...]
</properties>
  <testcase name="test_searchProduct_byKeyword_shouldShowRelevantResults" classname="com.ecommerce.selenium.HomePageTest" time="0.975">
    <system-out><![CDATA[2026-05-28T11:59:17.278+07:00  INFO 929504 --- [           main] t.c.s.AnnotationConfigContextLoaderUtils : Could not detect default configuration classes for test class [com.ecommerce.selenium.HomePageTest]: HomePageTest does not declare any static, non-private, non-final, nested classes annotated with @Configuration.
2026-05-28T11:59:17.279+07:00  INFO 929504 --- [           main] .b.t.c.SpringBootTestContextBootstrapper : Found @SpringBootConfiguration com.ecommerce.EcommerceApplication for test class com.ecommerce.selenium.HomePageTest
2026-05-28T11:59:17.282+07:00  INFO 929504 --- [           main] j.LocalContainerEntityManagerFactoryBean : Closing JPA EntityManagerFactory for persistence unit 'default'
Hibernate: 
    drop table if exists order_items cascade 
Hibernate: 
    drop table if exists orders cascade 
Hibernate: 
    drop table if exists products cascade 
2026-05-28T11:59:17.283+07:00  INFO 929504 --- [           main] com.zaxxer.hikari.HikariDataSource       : HikariPool-7 - Shutdown initiated...
2026-05-28T11:59:17.283+07:00  INFO 929504 --- [           main] com.zaxxer.hikari.HikariDataSource       : HikariPool-7 - Shutdown completed.

  .   ____          _            __ _ _
 /\\ / ___'_ __ _ _(_)_ __  __ _ \ \ \ \
( ( )\___ | '_ | '_| | '_ \/ _` | \ \ \ \
 \\/  ___)| |_)| | | | | || (_| |  ) ) ) )
  '  |____| .__|_| |_|_| |_\__, | / / / /
 =========|_|==============|___/=/_/_/_/
 :: Spring Boot ::                (v3.2.5)

2026-05-28T11:59:17.292+07:00  INFO 929504 --- [           main] com.ecommerce.selenium.HomePageTest      : Starting HomePageTest using Java 26.0.2 with PID 929504 (started by twan in /home/twan/KIỂM THỬ PHẦN MỀM/ecommerce-webapp)
2026-05-28T11:59:17.292+07:00 DEBUG 929504 --- [           main] com.ecommerce.selenium.HomePageTest      : Running with Spring Boot v3.2.5, Spring v6.1.6
2026-05-28T11:59:17.292+07:00  INFO 929504 --- [           main] com.ecommerce.selenium.HomePageTest      : The following 1 profile is active: "test"
2026-05-28T11:59:17.322+07:00  INFO 929504 --- [           main] .s.d.r.c.RepositoryConfigurationDelegate : Bootstrapping Spring Data JPA repositories in DEFAULT mode.
2026-05-28T11:59:17.325+07:00  INFO 929504 --- [           main] .s.d.r.c.RepositoryConfigurationDelegate : Finished Spring Data repository scanning in 2 ms. Found 2 JPA repository interfaces.
2026-05-28T11:59:17.345+07:00  INFO 929504 --- [           main] o.s.b.w.embedded.tomcat.TomcatWebServer  : Tomcat initialized with port 0 (http)
2026-05-28T11:59:17.345+07:00  INFO 929504 --- [           main] o.apache.catalina.core.StandardService   : Starting service [Tomcat]
2026-05-28T11:59:17.345+07:00  INFO 929504 --- [           main] o.apache.catalina.core.StandardEngine    : Starting Servlet engine: [Apache Tomcat/10.1.20]
2026-05-28T11:59:17.352+07:00  INFO 929504 --- [           main] o.a.c.c.C.[Tomcat].[localhost].[/]       : Initializing Spring embedded WebApplicationContext
2026-05-28T11:59:17.352+07:00  INFO 929504 --- [           main] w.s.c.ServletWebServerApplicationContext : Root WebApplicationContext: initialization completed in 60 ms
2026-05-28T11:59:17.360+07:00  INFO 929504 --- [           main] com.zaxxer.hikari.HikariDataSource       : HikariPool-8 - Starting...
2026-05-28T11:59:17.362+07:00  INFO 929504 --- [           main] com.zaxxer.hikari.pool.HikariPool        : HikariPool-8 - Added connection conn70: url=jdbc:h2:mem:testdb user=SA
2026-05-28T11:59:17.362+07:00  INFO 929504 --- [           main] com.zaxxer.hikari.HikariDataSource       : HikariPool-8 - Start completed.
2026-05-28T11:59:17.362+07:00  INFO 929504 --- [           main] o.s.b.a.h2.H2ConsoleAutoConfiguration    : H2 console available at '/h2-console'. Database available at 'jdbc:h2:mem:testdb'
2026-05-28T11:59:17.377+07:00  INFO 929504 --- [           main] o.hibernate.jpa.internal.util.LogHelper  : HHH000204: Processing PersistenceUnitInfo [name: default]
2026-05-28T11:59:17.378+07:00  INFO 929504 --- [           main] o.h.c.internal.RegionFactoryInitiator    : HHH000026: Second-level cache disabled
2026-05-28T11:59:17.381+07:00  INFO 929504 --- [           main] o.s.o.j.p.SpringPersistenceUnitInfo      : No LoadTimeWeaver setup: ignoring JPA class transformer
2026-05-28T11:59:17.405+07:00  INFO 929504 --- [           main] o.h.e.t.j.p.i.JtaPlatformInitiator       : HHH000489: No JTA platform available (set 'hibernate.transaction.jta.platform' to enable JTA platform integration)
Hibernate: 
    drop table if exists order_items cascade 
Hibernate: 
    drop table if exists orders cascade 
Hibernate: 
    drop table if exists products cascade 
Hibernate: 
    create table order_items (
        price float(53) not null,
        quantity integer not null,
        id bigint generated by default as identity,
        order_id bigint,
        product_id bigint,
        product_name varchar(255),
        primary key (id)
    )
Hibernate: 
    create table orders (
        total_amount float(53) not null,
        id bigint generated by default as identity,
        status varchar(255) check (status in ('PENDING','CONFIRMED','CANCELLED')),
        user_id varchar(255),
        primary key (id)
    )
Hibernate: 
    create table products (
        price float(53) not null,
        stock integer not null,
        id bigint generated by default as identity,
        category varchar(255),
        name varchar(255),
        primary key (id)
    )
Hibernate: 
    alter table if exists order_items 
       add constraint FKbioxgbv59vetrxe0ejfubep1w 
       foreign key (order_id) 
       references orders
2026-05-28T11:59:17.409+07:00  INFO 929504 --- [           main] j.LocalContainerEntityManagerFactoryBean : Initialized JPA EntityManagerFactory for persistence unit 'default'
2026-05-28T11:59:17.427+07:00  WARN 929504 --- [           main] JpaBaseConfiguration$JpaWebConfiguration : spring.jpa.open-in-view is enabled by default. Therefore, database queries may be performed during view rendering. Explicitly configure spring.jpa.open-in-view to disable this warning
2026-05-28T11:59:17.430+07:00  INFO 929504 --- [           main] o.s.b.a.w.s.WelcomePageHandlerMapping    : Adding welcome page template: index
2026-05-28T11:59:17.462+07:00  INFO 929504 --- [           main] o.s.b.w.embedded.tomcat.TomcatWebServer  : Tomcat started on port 36909 (http) with context path ''
2026-05-28T11:59:17.464+07:00  INFO 929504 --- [           main] com.ecommerce.selenium.HomePageTest      : Started HomePageTest in 0.178 seconds (process running for 23.582)
Hibernate: 
    select
        count(*) 
    from
        products p1_0
Hibernate: 
    insert 
    into
        products
        (category, name, price, stock, id) 
    values
        (?, ?, ?, ?, default)
Hibernate: 
    insert 
    into
        products
        (category, name, price, stock, id) 
    values
        (?, ?, ?, ?, default)
Hibernate: 
    insert 
    into
        products
        (category, name, price, stock, id) 
    values
        (?, ?, ?, ?, default)
Hibernate: 
    insert 
    into
        products
        (category, name, price, stock, id) 
    values
        (?, ?, ?, ?, default)
Hibernate: 
    insert 
    into
        products
        (category, name, price, stock, id) 
    values
        (?, ?, ?, ?, default)
Hibernate: 
    insert 
    into
        products
        (category, name, price, stock, id) 
    values
        (?, ?, ?, ?, default)
2026-05-28T11:59:17.472+07:00  INFO 929504 --- [           main] i.g.b.wdm.cache.ResolutionCache          : Clearing WebDriverManager resolution cache
2026-05-28T11:59:17.795+07:00  INFO 929504 --- [           main] i.g.bonigarcia.wdm.WebDriverManager      : Using chromedriver 144.0.7559.133 (resolved driver for Chrome 144)
2026-05-28T11:59:17.799+07:00  INFO 929504 --- [           main] i.g.bonigarcia.wdm.WebDriverManager      : Exporting webdriver.chrome.driver as /home/twan/.cache/selenium/chromedriver/linux64/144.0.7559.133/chromedriver
2026-05-28T11:59:17.978+07:00  WARN 929504 --- [           main] o.o.selenium.devtools.CdpVersionFinder   : Unable to find CDP implementation matching 144
2026-05-28T11:59:17.978+07:00  WARN 929504 --- [           main] o.o.selenium.chromium.ChromiumDriver     : Unable to find version of CDP to use for 144.0.7559.109. You may need to include a dependency on a specific version of the CDP using something similar to `org.seleniumhq.selenium:selenium-devtools-v86:4.27.0` where the version ("v86") matches the version of the chromium-based browser you're using and the version number of the artifact is the same as Selenium's.
2026-05-28T11:59:17.985+07:00  INFO 929504 --- [o-auto-8-exec-1] o.a.c.c.C.[Tomcat].[localhost].[/]       : Initializing Spring DispatcherServlet 'dispatcherServlet'
2026-05-28T11:59:17.985+07:00  INFO 929504 --- [o-auto-8-exec-1] o.s.web.servlet.DispatcherServlet        : Initializing Servlet 'dispatcherServlet'
2026-05-28T11:59:17.985+07:00  INFO 929504 --- [o-auto-8-exec-1] o.s.web.servlet.DispatcherServlet        : Completed initialization in 0 ms
Hibernate: 
    select
        p1_0.id,
        p1_0.category,
        p1_0.name,
        p1_0.price,
        p1_0.stock 
    from
        products p1_0
Hibernate: 
    select
        p1_0.id,
        p1_0.category,
        p1_0.name,
        p1_0.price,
        p1_0.stock 
    from
        products p1_0 
    where
        upper(p1_0.name) like upper(?) escape '\'
]]></system-out>
  </testcase>
  <testcase name="test_searchProduct_noResults_shouldShowEmptyMessage" classname="com.ecommerce.selenium.HomePageTest" time="1.423">
    <system-out><![CDATA[2026-05-28T11:59:18.256+07:00  INFO 929504 --- [           main] j.LocalContainerEntityManagerFactoryBean : Closing JPA EntityManagerFactory for persistence unit 'default'
Hibernate: 
    drop table if exists order_items cascade 
Hibernate: 
    drop table if exists orders cascade 
Hibernate: 
    drop table if exists products cascade 
2026-05-28T11:59:18.257+07:00  INFO 929504 --- [           main] com.zaxxer.hikari.HikariDataSource       : HikariPool-8 - Shutdown initiated...
2026-05-28T11:59:18.258+07:00  INFO 929504 --- [           main] com.zaxxer.hikari.HikariDataSource       : HikariPool-8 - Shutdown completed.

  .   ____          _            __ _ _
 /\\ / ___'_ __ _ _(_)_ __  __ _ \ \ \ \
( ( )\___ | '_ | '_| | '_ \/ _` | \ \ \ \
 \\/  ___)| |_)| | | | | || (_| |  ) ) ) )
  '  |____| .__|_| |_|_| |_\__, | / / / /
 =========|_|==============|___/=/_/_/_/
 :: Spring Boot ::                (v3.2.5)

2026-05-28T11:59:18.267+07:00  INFO 929504 --- [           main] com.ecommerce.selenium.HomePageTest      : Starting HomePageTest using Java 26.0.2 with PID 929504 (started by twan in /home/twan/KIỂM THỬ PHẦN MỀM/ecommerce-webapp)
2026-05-28T11:59:18.267+07:00 DEBUG 929504 --- [           main] com.ecommerce.selenium.HomePageTest      : Running with Spring Boot v3.2.5, Spring v6.1.6
2026-05-28T11:59:18.267+07:00  INFO 929504 --- [           main] com.ecommerce.selenium.HomePageTest      : The following 1 profile is active: "test"
2026-05-28T11:59:18.295+07:00  INFO 929504 --- [           main] .s.d.r.c.RepositoryConfigurationDelegate : Bootstrapping Spring Data JPA repositories in DEFAULT mode.
2026-05-28T11:59:18.297+07:00  INFO 929504 --- [           main] .s.d.r.c.RepositoryConfigurationDelegate : Finished Spring Data repository scanning in 2 ms. Found 2 JPA repository interfaces.
2026-05-28T11:59:18.318+07:00  INFO 929504 --- [           main] o.s.b.w.embedded.tomcat.TomcatWebServer  : Tomcat initialized with port 0 (http)
2026-05-28T11:59:18.318+07:00  INFO 929504 --- [           main] o.apache.catalina.core.StandardService   : Starting service [Tomcat]
2026-05-28T11:59:18.318+07:00  INFO 929504 --- [           main] o.apache.catalina.core.StandardEngine    : Starting Servlet engine: [Apache Tomcat/10.1.20]
2026-05-28T11:59:18.323+07:00  INFO 929504 --- [           main] o.a.c.c.C.[Tomcat].[localhost].[/]       : Initializing Spring embedded WebApplicationContext
2026-05-28T11:59:18.323+07:00  INFO 929504 --- [           main] w.s.c.ServletWebServerApplicationContext : Root WebApplicationContext: initialization completed in 56 ms
2026-05-28T11:59:18.328+07:00  INFO 929504 --- [           main] com.zaxxer.hikari.HikariDataSource       : HikariPool-9 - Starting...
2026-05-28T11:59:18.329+07:00  INFO 929504 --- [           main] com.zaxxer.hikari.pool.HikariPool        : HikariPool-9 - Added connection conn80: url=jdbc:h2:mem:testdb user=SA
2026-05-28T11:59:18.329+07:00  INFO 929504 --- [           main] com.zaxxer.hikari.HikariDataSource       : HikariPool-9 - Start completed.
2026-05-28T11:59:18.329+07:00  INFO 929504 --- [           main] o.s.b.a.h2.H2ConsoleAutoConfiguration    : H2 console available at '/h2-console'. Database available at 'jdbc:h2:mem:testdb'
2026-05-28T11:59:18.337+07:00  INFO 929504 --- [           main] o.hibernate.jpa.internal.util.LogHelper  : HHH000204: Processing PersistenceUnitInfo [name: default]
2026-05-28T11:59:18.338+07:00  INFO 929504 --- [           main] o.h.c.internal.RegionFactoryInitiator    : HHH000026: Second-level cache disabled
2026-05-28T11:59:18.339+07:00  INFO 929504 --- [           main] o.s.o.j.p.SpringPersistenceUnitInfo      : No LoadTimeWeaver setup: ignoring JPA class transformer
2026-05-28T11:59:18.362+07:00  INFO 929504 --- [           main] o.h.e.t.j.p.i.JtaPlatformInitiator       : HHH000489: No JTA platform available (set 'hibernate.transaction.jta.platform' to enable JTA platform integration)
Hibernate: 
    drop table if exists order_items cascade 
Hibernate: 
    drop table if exists orders cascade 
Hibernate: 
    drop table if exists products cascade 
Hibernate: 
    create table order_items (
        price float(53) not null,
        quantity integer not null,
        id bigint generated by default as identity,
        order_id bigint,
        product_id bigint,
        product_name varchar(255),
        primary key (id)
    )
Hibernate: 
    create table orders (
        total_amount float(53) not null,
        id bigint generated by default as identity,
        status varchar(255) check (status in ('PENDING','CONFIRMED','CANCELLED')),
        user_id varchar(255),
        primary key (id)
    )
Hibernate: 
    create table products (
        price float(53) not null,
        stock integer not null,
        id bigint generated by default as identity,
        category varchar(255),
        name varchar(255),
        primary key (id)
    )
Hibernate: 
    alter table if exists order_items 
       add constraint FKbioxgbv59vetrxe0ejfubep1w 
       foreign key (order_id) 
       references orders
2026-05-28T11:59:18.365+07:00  INFO 929504 --- [           main] j.LocalContainerEntityManagerFactoryBean : Initialized JPA EntityManagerFactory for persistence unit 'default'
2026-05-28T11:59:18.381+07:00  WARN 929504 --- [           main] JpaBaseConfiguration$JpaWebConfiguration : spring.jpa.open-in-view is enabled by default. Therefore, database queries may be performed during view rendering. Explicitly configure spring.jpa.open-in-view to disable this warning
2026-05-28T11:59:18.383+07:00  INFO 929504 --- [           main] o.s.b.a.w.s.WelcomePageHandlerMapping    : Adding welcome page template: index
2026-05-28T11:59:18.411+07:00  INFO 929504 --- [           main] o.s.b.w.embedded.tomcat.TomcatWebServer  : Tomcat started on port 35641 (http) with context path ''
2026-05-28T11:59:18.413+07:00  INFO 929504 --- [           main] com.ecommerce.selenium.HomePageTest      : Started HomePageTest in 0.154 seconds (process running for 24.531)
Hibernate: 
    select
        count(*) 
    from
        products p1_0
Hibernate: 
    insert 
    into
        products
        (category, name, price, stock, id) 
    values
        (?, ?, ?, ?, default)
Hibernate: 
    insert 
    into
        products
        (category, name, price, stock, id) 
    values
        (?, ?, ?, ?, default)
Hibernate: 
    insert 
    into
        products
        (category, name, price, stock, id) 
    values
        (?, ?, ?, ?, default)
Hibernate: 
    insert 
    into
        products
        (category, name, price, stock, id) 
    values
        (?, ?, ?, ?, default)
Hibernate: 
    insert 
    into
        products
        (category, name, price, stock, id) 
    values
        (?, ?, ?, ?, default)
Hibernate: 
    insert 
    into
        products
        (category, name, price, stock, id) 
    values
        (?, ?, ?, ?, default)
2026-05-28T11:59:18.420+07:00  INFO 929504 --- [           main] i.g.b.wdm.cache.ResolutionCache          : Clearing WebDriverManager resolution cache
2026-05-28T11:59:18.726+07:00  INFO 929504 --- [           main] i.g.bonigarcia.wdm.WebDriverManager      : Using chromedriver 144.0.7559.133 (resolved driver for Chrome 144)
2026-05-28T11:59:18.728+07:00  INFO 929504 --- [           main] i.g.bonigarcia.wdm.WebDriverManager      : Exporting webdriver.chrome.driver as /home/twan/.cache/selenium/chromedriver/linux64/144.0.7559.133/chromedriver
2026-05-28T11:59:18.912+07:00  WARN 929504 --- [           main] o.o.selenium.devtools.CdpVersionFinder   : Unable to find CDP implementation matching 144
2026-05-28T11:59:18.913+07:00  WARN 929504 --- [           main] o.o.selenium.chromium.ChromiumDriver     : Unable to find version of CDP to use for 144.0.7559.109. You may need to include a dependency on a specific version of the CDP using something similar to `org.seleniumhq.selenium:selenium-devtools-v86:4.27.0` where the version ("v86") matches the version of the chromium-based browser you're using and the version number of the artifact is the same as Selenium's.
2026-05-28T11:59:18.919+07:00  INFO 929504 --- [o-auto-9-exec-1] o.a.c.c.C.[Tomcat].[localhost].[/]       : Initializing Spring DispatcherServlet 'dispatcherServlet'
2026-05-28T11:59:18.919+07:00  INFO 929504 --- [o-auto-9-exec-1] o.s.web.servlet.DispatcherServlet        : Initializing Servlet 'dispatcherServlet'
2026-05-28T11:59:18.919+07:00  INFO 929504 --- [o-auto-9-exec-1] o.s.web.servlet.DispatcherServlet        : Completed initialization in 0 ms
Hibernate: 
    select
        p1_0.id,
        p1_0.category,
        p1_0.name,
        p1_0.price,
        p1_0.stock 
    from
        products p1_0
Hibernate: 
    select
        p1_0.id,
        p1_0.category,
        p1_0.name,
        p1_0.price,
        p1_0.stock 
    from
        products p1_0 
    where
        upper(p1_0.name) like upper(?) escape '\'
]]></system-out>
  </testcase>
</testsuite>