<?xml version="1.0" encoding="UTF-8"?>
<testsuite xmlns:xsi="http://www.w3.org/2001/XMLSchema-instance" xsi:noNamespaceSchemaLocation="https://maven.apache.org/surefire/maven-failsafe-plugin/xsd/failsafe-test-report-3.0.xsd" version="3.0" name="com.ecommerce.selenium.CartTest" time="15.222" tests="2" errors="0" skipped="0" failures="0">
  <properties>
[...]
</properties>
  <testcase name="test_addMultipleProducts_shouldUpdateCartCount" classname="com.ecommerce.selenium.CartTest" time="2.352">
    <system-out><![CDATA[2026-06-01T11:24:56.760+07:00  INFO 2040123 --- [           main] t.c.s.AnnotationConfigContextLoaderUtils : Could not detect default configuration classes for test class [com.ecommerce.selenium.CartTest]: CartTest does not declare any static, non-private, non-final, nested classes annotated with @Configuration.
2026-06-01T11:24:56.762+07:00  INFO 2040123 --- [           main] .b.t.c.SpringBootTestContextBootstrapper : Found @SpringBootConfiguration com.ecommerce.EcommerceApplication for test class com.ecommerce.selenium.CartTest
2026-06-01T11:24:56.769+07:00  INFO 2040123 --- [           main] j.LocalContainerEntityManagerFactoryBean : Closing JPA EntityManagerFactory for persistence unit 'default'
Hibernate: 
    drop table if exists order_items cascade 
Hibernate: 
    drop table if exists orders cascade 
Hibernate: 
    drop table if exists products cascade 
2026-06-01T11:24:56.772+07:00  INFO 2040123 --- [           main] com.zaxxer.hikari.HikariDataSource       : HikariPool-5 - Shutdown initiated...
2026-06-01T11:24:56.772+07:00  INFO 2040123 --- [           main] com.zaxxer.hikari.HikariDataSource       : HikariPool-5 - Shutdown completed.

  .   ____          _            __ _ _
 /\\ / ___'_ __ _ _(_)_ __  __ _ \ \ \ \
( ( )\___ | '_ | '_| | '_ \/ _` | \ \ \ \
 \\/  ___)| |_)| | | | | || (_| |  ) ) ) )
  '  |____| .__|_| |_|_| |_\__, | / / / /
 =========|_|==============|___/=/_/_/_/
 :: Spring Boot ::                (v3.2.5)

2026-06-01T11:24:56.787+07:00  INFO 2040123 --- [           main] com.ecommerce.selenium.CartTest          : Starting CartTest using Java 26.0.2 with PID 2040123 (started by twan in /home/twan/KIỂM THỬ PHẦN MỀM/ecommerce-webapp)
2026-06-01T11:24:56.787+07:00 DEBUG 2040123 --- [           main] com.ecommerce.selenium.CartTest          : Running with Spring Boot v3.2.5, Spring v6.1.6
2026-06-01T11:24:56.787+07:00  INFO 2040123 --- [           main] com.ecommerce.selenium.CartTest          : The following 1 profile is active: "test"
2026-06-01T11:24:56.844+07:00  INFO 2040123 --- [           main] .s.d.r.c.RepositoryConfigurationDelegate : Bootstrapping Spring Data JPA repositories in DEFAULT mode.
2026-06-01T11:24:56.848+07:00  INFO 2040123 --- [           main] .s.d.r.c.RepositoryConfigurationDelegate : Finished Spring Data repository scanning in 3 ms. Found 2 JPA repository interfaces.
2026-06-01T11:24:56.886+07:00  INFO 2040123 --- [           main] o.s.b.w.embedded.tomcat.TomcatWebServer  : Tomcat initialized with port 0 (http)
2026-06-01T11:24:56.887+07:00  INFO 2040123 --- [           main] o.apache.catalina.core.StandardService   : Starting service [Tomcat]
2026-06-01T11:24:56.887+07:00  INFO 2040123 --- [           main] o.apache.catalina.core.StandardEngine    : Starting Servlet engine: [Apache Tomcat/10.1.20]
2026-06-01T11:24:56.895+07:00  INFO 2040123 --- [           main] o.a.c.c.C.[Tomcat].[localhost].[/]       : Initializing Spring embedded WebApplicationContext
2026-06-01T11:24:56.895+07:00  INFO 2040123 --- [           main] w.s.c.ServletWebServerApplicationContext : Root WebApplicationContext: initialization completed in 107 ms
2026-06-01T11:24:56.909+07:00  INFO 2040123 --- [           main] com.zaxxer.hikari.HikariDataSource       : HikariPool-6 - Starting...
2026-06-01T11:24:56.912+07:00  INFO 2040123 --- [           main] com.zaxxer.hikari.pool.HikariPool        : HikariPool-6 - Added connection conn50: url=jdbc:h2:mem:testdb user=SA
2026-06-01T11:24:56.913+07:00  INFO 2040123 --- [           main] com.zaxxer.hikari.HikariDataSource       : HikariPool-6 - Start completed.
2026-06-01T11:24:56.913+07:00  INFO 2040123 --- [           main] o.s.b.a.h2.H2ConsoleAutoConfiguration    : H2 console available at '/h2-console'. Database available at 'jdbc:h2:mem:testdb'
2026-06-01T11:24:56.931+07:00  INFO 2040123 --- [           main] o.hibernate.jpa.internal.util.LogHelper  : HHH000204: Processing PersistenceUnitInfo [name: default]
2026-06-01T11:24:56.934+07:00  INFO 2040123 --- [           main] o.h.c.internal.RegionFactoryInitiator    : HHH000026: Second-level cache disabled
2026-06-01T11:24:56.941+07:00  INFO 2040123 --- [           main] o.s.o.j.p.SpringPersistenceUnitInfo      : No LoadTimeWeaver setup: ignoring JPA class transformer
2026-06-01T11:24:57.005+07:00  INFO 2040123 --- [           main] o.h.e.t.j.p.i.JtaPlatformInitiator       : HHH000489: No JTA platform available (set 'hibernate.transaction.jta.platform' to enable JTA platform integration)
Hibernate: 
    drop table if exists order_items cascade 
Hibernate: 
    drop table if exists orders cascade 
Hibernate: 
    drop table if exists products cascade 
Hibernate: 
    create table order_items (
        price float(53) not null,
        quantity integer not null,
        id bigint generated by default as identity,
        order_id bigint,
        product_id bigint,
        product_name varchar(255),
        primary key (id)
    )
Hibernate: 
    create table orders (
        total_amount float(53) not null,
        id bigint generated by default as identity,
        status varchar(255) check (status in ('PENDING','CONFIRMED','SHIPPED','DELIVERED','CANCELLED')),
        user_id varchar(255),
        primary key (id)
    )
Hibernate: 
    create table products (
        price float(53) not null,
        stock integer not null,
        id bigint generated by default as identity,
        category varchar(255),
        name varchar(255),
        primary key (id)
    )
Hibernate: 
    alter table if exists order_items 
       add constraint FKbioxgbv59vetrxe0ejfubep1w 
       foreign key (order_id) 
       references orders
2026-06-01T11:24:57.010+07:00  INFO 2040123 --- [           main] j.LocalContainerEntityManagerFactoryBean : Initialized JPA EntityManagerFactory for persistence unit 'default'
2026-06-01T11:24:57.042+07:00  WARN 2040123 --- [           main] JpaBaseConfiguration$JpaWebConfiguration : spring.jpa.open-in-view is enabled by default. Therefore, database queries may be performed during view rendering. Explicitly configure spring.jpa.open-in-view to disable this warning
2026-06-01T11:24:57.236+07:00  INFO 2040123 --- [           main] o.s.b.a.w.s.WelcomePageHandlerMapping    : Adding welcome page template: index
2026-06-01T11:24:57.280+07:00  INFO 2040123 --- [           main] o.s.s.web.DefaultSecurityFilterChain     : Will secure any request with [org.springframework.security.web.session.DisableEncodeUrlFilter@2baa298a, org.springframework.security.web.context.request.async.WebAsyncManagerIntegrationFilter@2893fe69, org.springframework.security.web.context.SecurityContextHolderFilter@2774540b, org.springframework.security.web.header.HeaderWriterFilter@618eac09, org.springframework.web.filter.CorsFilter@600e6539, org.springframework.security.web.csrf.CsrfFilter@45d439ce, org.springframework.security.web.authentication.logout.LogoutFilter@78ff8590, org.springframework.security.web.authentication.UsernamePasswordAuthenticationFilter@2f7deaf0, org.springframework.security.web.savedrequest.RequestCacheAwareFilter@430a1362, org.springframework.security.web.servletapi.SecurityContextHolderAwareRequestFilter@69d455e5, org.springframework.security.web.authentication.AnonymousAuthenticationFilter@206429a2, org.springframework.security.web.access.ExceptionTranslationFilter@1ca6ca4c, org.springframework.security.web.access.intercept.AuthorizationFilter@20cd0309]
2026-06-01T11:24:57.322+07:00  INFO 2040123 --- [           main] o.s.b.w.embedded.tomcat.TomcatWebServer  : Tomcat started on port 44581 (http) with context path ''
2026-06-01T11:24:57.323+07:00  INFO 2040123 --- [           main] com.ecommerce.selenium.CartTest          : Started CartTest in 0.548 seconds (process running for 21.488)
Hibernate: 
    select
        count(*) 
    from
        products p1_0
Hibernate: 
    insert 
    into
        products
        (category, name, price, stock, id) 
    values
        (?, ?, ?, ?, default)
Hibernate: 
    insert 
    into
        products
        (category, name, price, stock, id) 
    values
        (?, ?, ?, ?, default)
Hibernate: 
    insert 
    into
        products
        (category, name, price, stock, id) 
    values
        (?, ?, ?, ?, default)
Hibernate: 
    insert 
    into
        products
        (category, name, price, stock, id) 
    values
        (?, ?, ?, ?, default)
Hibernate: 
    insert 
    into
        products
        (category, name, price, stock, id) 
    values
        (?, ?, ?, ?, default)
Hibernate: 
    insert 
    into
        products
        (category, name, price, stock, id) 
    values
        (?, ?, ?, ?, default)
2026-06-01T11:24:57.335+07:00  INFO 2040123 --- [           main] i.g.b.wdm.cache.ResolutionCache          : Clearing WebDriverManager resolution cache
2026-06-01T11:24:57.639+07:00  INFO 2040123 --- [           main] i.g.bonigarcia.wdm.WebDriverManager      : Using chromedriver 144.0.7559.133 (resolved driver for Chrome 144)
2026-06-01T11:24:57.641+07:00  INFO 2040123 --- [           main] i.g.bonigarcia.wdm.WebDriverManager      : Exporting webdriver.chrome.driver as /home/twan/.cache/selenium/chromedriver/linux64/144.0.7559.133/chromedriver
2026-06-01T11:24:57.828+07:00  WARN 2040123 --- [           main] o.o.selenium.devtools.CdpVersionFinder   : Unable to find CDP implementation matching 144
2026-06-01T11:24:57.828+07:00  WARN 2040123 --- [           main] o.o.selenium.chromium.ChromiumDriver     : Unable to find version of CDP to use for 144.0.7559.109. You may need to include a dependency on a specific version of the CDP using something similar to `org.seleniumhq.selenium:selenium-devtools-v86:4.27.0` where the version ("v86") matches the version of the chromium-based browser you're using and the version number of the artifact is the same as Selenium's.
[NAVIGATE] Navigating to: /
2026-06-01T11:24:57.838+07:00  INFO 2040123 --- [o-auto-6-exec-1] o.a.c.c.C.[Tomcat].[localhost].[/]       : Initializing Spring DispatcherServlet 'dispatcherServlet'
2026-06-01T11:24:57.838+07:00  INFO 2040123 --- [o-auto-6-exec-1] o.s.web.servlet.DispatcherServlet        : Initializing Servlet 'dispatcherServlet'
2026-06-01T11:24:57.839+07:00  INFO 2040123 --- [o-auto-6-exec-1] o.s.web.servlet.DispatcherServlet        : Completed initialization in 1 ms
[NAVIGATE] Current URL after driver.get: http://localhost:44581/login
[NAVIGATE] Redirection to /login detected! Logging in...
[LOGIN] Initiating login for user: standard_user
[LOGIN] Waiting for username field...
[LOGIN] Clicking login button...
[LOGIN] Waiting for redirect away from /login...
Hibernate: 
    select
        p1_0.id,
        p1_0.category,
        p1_0.name,
        p1_0.price,
        p1_0.stock 
    from
        products p1_0
[LOGIN] Login complete. Redirected to: http://localhost:44581/
[NAVIGATE] Current URL after login: http://localhost:44581/
Hibernate: 
    select
        p1_0.id,
        p1_0.category,
        p1_0.name,
        p1_0.price,
        p1_0.stock 
    from
        products p1_0 
    where
        p1_0.id=?
Hibernate: 
    select
        p1_0.id,
        p1_0.category,
        p1_0.name,
        p1_0.price,
        p1_0.stock 
    from
        products p1_0
Hibernate: 
    select
        p1_0.id,
        p1_0.category,
        p1_0.name,
        p1_0.price,
        p1_0.stock 
    from
        products p1_0 
    where
        p1_0.id=?
Hibernate: 
    select
        p1_0.id,
        p1_0.category,
        p1_0.name,
        p1_0.price,
        p1_0.stock 
    from
        products p1_0
Screenshot successfully saved to target/screenshots/Th_m_nhi_u_s_n_ph_m___c_p_nh_t_s__l__ng_gi__h_ng.png
]]></system-out>
    <system-err><![CDATA[java.lang.instrument.IllegalClassFormatException: Error while instrumenting jdk/internal/net/http/Http3Connection with JaCoCo 0.8.12.202403310830/dbfb6f2.
	at org.jacoco.agent.rt.internal_aeaf9ab.CoverageTransformer.transform(CoverageTransformer.java:94)
	at java.instrument/java.lang.instrument.ClassFileTransformer.transform(ClassFileTransformer.java:257)
	at java.instrument/sun.instrument.TransformerManager.transform(TransformerManager.java:188)
	at java.instrument/sun.instrument.InstrumentationImpl.transform(InstrumentationImpl.java:594)
	at java.base/java.lang.ClassLoader.defineClass2(Native Method)
	at java.base/java.lang.ClassLoader.defineClass(ClassLoader.java:1080)
	at java.base/java.lang.ClassLoader.defineClass(ClassLoader.java:1064)
	at java.base/java.security.SecureClassLoader.defineClass(SecureClassLoader.java:177)
	at java.base/jdk.internal.loader.BuiltinClassLoader.defineClass(BuiltinClassLoader.java:735)
	at java.base/jdk.internal.loader.BuiltinClassLoader.findClassInModuleOrNull(BuiltinClassLoader.java:678)
	at java.base/jdk.internal.loader.BuiltinClassLoader.loadClassOrNull(BuiltinClassLoader.java:604)
	at java.base/jdk.internal.loader.BuiltinClassLoader.loadClass(BuiltinClassLoader.java:578)
	at java.base/java.lang.ClassLoader.loadClass(ClassLoader.java:502)
	at java.net.http/jdk.internal.net.http.Http3ConnectionPool.clear(Http3ConnectionPool.java:211)
	at java.net.http/jdk.internal.net.http.Http3ClientImpl.close(Http3ClientImpl.java:754)
	at java.net.http/jdk.internal.net.http.Http3ClientImpl.stop(Http3ClientImpl.java:796)
	at java.net.http/jdk.internal.net.http.HttpClientImpl.stop(HttpClientImpl.java:593)
	at java.net.http/jdk.internal.net.http.HttpClientImpl$SelectorManager.shutdown(HttpClientImpl.java:1366)
	at java.net.http/jdk.internal.net.http.HttpClientImpl$SelectorManager.run(HttpClientImpl.java:1584)
	at java.base/java.lang.VirtualThread.run(VirtualThread.java:475)
Caused by: java.io.IOException: Error while instrumenting jdk/internal/net/http/Http3Connection with JaCoCo 0.8.12.202403310830/dbfb6f2.
	at org.jacoco.agent.rt.internal_aeaf9ab.core.instr.Instrumenter.instrumentError(Instrumenter.java:161)
	at org.jacoco.agent.rt.internal_aeaf9ab.core.instr.Instrumenter.instrument(Instrumenter.java:111)
	at org.jacoco.agent.rt.internal_aeaf9ab.CoverageTransformer.transform(CoverageTransformer.java:92)
	... 19 more
Caused by: java.lang.IllegalArgumentException: Unsupported class file major version 70
	at org.jacoco.agent.rt.internal_aeaf9ab.asm.ClassReader.<init>(ClassReader.java:200)
	at org.jacoco.agent.rt.internal_aeaf9ab.asm.ClassReader.<init>(ClassReader.java:180)
	at org.jacoco.agent.rt.internal_aeaf9ab.asm.ClassReader.<init>(ClassReader.java:166)
	at org.jacoco.agent.rt.internal_aeaf9ab.core.internal.instr.InstrSupport.classReaderFor(InstrSupport.java:280)
	at org.jacoco.agent.rt.internal_aeaf9ab.core.instr.Instrumenter.instrument(Instrumenter.java:77)
	at org.jacoco.agent.rt.internal_aeaf9ab.core.instr.Instrumenter.instrument(Instrumenter.java:109)
	... 20 more
]]></system-err>
  </testcase>
  <testcase name="test_removeProductFromCart_shouldRecalculateTotal" classname="com.ecommerce.selenium.CartTest" time="12.862">
    <system-out><![CDATA[2026-06-01T11:24:59.121+07:00  INFO 2040123 --- [           main] j.LocalContainerEntityManagerFactoryBean : Closing JPA EntityManagerFactory for persistence unit 'default'
Hibernate: 
    drop table if exists order_items cascade 
Hibernate: 
    drop table if exists orders cascade 
Hibernate: 
    drop table if exists products cascade 
2026-06-01T11:24:59.123+07:00  INFO 2040123 --- [           main] com.zaxxer.hikari.HikariDataSource       : HikariPool-6 - Shutdown initiated...
2026-06-01T11:24:59.123+07:00  INFO 2040123 --- [           main] com.zaxxer.hikari.HikariDataSource       : HikariPool-6 - Shutdown completed.

  .   ____          _            __ _ _
 /\\ / ___'_ __ _ _(_)_ __  __ _ \ \ \ \
( ( )\___ | '_ | '_| | '_ \/ _` | \ \ \ \
 \\/  ___)| |_)| | | | | || (_| |  ) ) ) )
  '  |____| .__|_| |_|_| |_\__, | / / / /
 =========|_|==============|___/=/_/_/_/
 :: Spring Boot ::                (v3.2.5)

2026-06-01T11:24:59.138+07:00  INFO 2040123 --- [           main] com.ecommerce.selenium.CartTest          : Starting CartTest using Java 26.0.2 with PID 2040123 (started by twan in /home/twan/KIỂM THỬ PHẦN MỀM/ecommerce-webapp)
2026-06-01T11:24:59.138+07:00 DEBUG 2040123 --- [           main] com.ecommerce.selenium.CartTest          : Running with Spring Boot v3.2.5, Spring v6.1.6
2026-06-01T11:24:59.138+07:00  INFO 2040123 --- [           main] com.ecommerce.selenium.CartTest          : The following 1 profile is active: "test"
2026-06-01T11:24:59.203+07:00  INFO 2040123 --- [           main] .s.d.r.c.RepositoryConfigurationDelegate : Bootstrapping Spring Data JPA repositories in DEFAULT mode.
2026-06-01T11:24:59.206+07:00  INFO 2040123 --- [           main] .s.d.r.c.RepositoryConfigurationDelegate : Finished Spring Data repository scanning in 3 ms. Found 2 JPA repository interfaces.
2026-06-01T11:24:59.242+07:00  INFO 2040123 --- [           main] o.s.b.w.embedded.tomcat.TomcatWebServer  : Tomcat initialized with port 0 (http)
2026-06-01T11:24:59.242+07:00  INFO 2040123 --- [           main] o.apache.catalina.core.StandardService   : Starting service [Tomcat]
2026-06-01T11:24:59.242+07:00  INFO 2040123 --- [           main] o.apache.catalina.core.StandardEngine    : Starting Servlet engine: [Apache Tomcat/10.1.20]
2026-06-01T11:24:59.248+07:00  INFO 2040123 --- [           main] o.a.c.c.C.[Tomcat].[localhost].[/]       : Initializing Spring embedded WebApplicationContext
2026-06-01T11:24:59.248+07:00  INFO 2040123 --- [           main] w.s.c.ServletWebServerApplicationContext : Root WebApplicationContext: initialization completed in 109 ms
2026-06-01T11:24:59.261+07:00  INFO 2040123 --- [           main] com.zaxxer.hikari.HikariDataSource       : HikariPool-7 - Starting...
2026-06-01T11:24:59.264+07:00  INFO 2040123 --- [           main] com.zaxxer.hikari.pool.HikariPool        : HikariPool-7 - Added connection conn60: url=jdbc:h2:mem:testdb user=SA
2026-06-01T11:24:59.264+07:00  INFO 2040123 --- [           main] com.zaxxer.hikari.HikariDataSource       : HikariPool-7 - Start completed.
2026-06-01T11:24:59.264+07:00  INFO 2040123 --- [           main] o.s.b.a.h2.H2ConsoleAutoConfiguration    : H2 console available at '/h2-console'. Database available at 'jdbc:h2:mem:testdb'
2026-06-01T11:24:59.281+07:00  INFO 2040123 --- [           main] o.hibernate.jpa.internal.util.LogHelper  : HHH000204: Processing PersistenceUnitInfo [name: default]
2026-06-01T11:24:59.282+07:00  INFO 2040123 --- [           main] o.h.c.internal.RegionFactoryInitiator    : HHH000026: Second-level cache disabled
2026-06-01T11:24:59.286+07:00  INFO 2040123 --- [           main] o.s.o.j.p.SpringPersistenceUnitInfo      : No LoadTimeWeaver setup: ignoring JPA class transformer
2026-06-01T11:24:59.330+07:00  INFO 2040123 --- [           main] o.h.e.t.j.p.i.JtaPlatformInitiator       : HHH000489: No JTA platform available (set 'hibernate.transaction.jta.platform' to enable JTA platform integration)
Hibernate: 
    drop table if exists order_items cascade 
Hibernate: 
    drop table if exists orders cascade 
Hibernate: 
    drop table if exists products cascade 
Hibernate: 
    create table order_items (
        price float(53) not null,
        quantity integer not null,
        id bigint generated by default as identity,
        order_id bigint,
        product_id bigint,
        product_name varchar(255),
        primary key (id)
    )
Hibernate: 
    create table orders (
        total_amount float(53) not null,
        id bigint generated by default as identity,
        status varchar(255) check (status in ('PENDING','CONFIRMED','SHIPPED','DELIVERED','CANCELLED')),
        user_id varchar(255),
        primary key (id)
    )
Hibernate: 
    create table products (
        price float(53) not null,
        stock integer not null,
        id bigint generated by default as identity,
        category varchar(255),
        name varchar(255),
        primary key (id)
    )
Hibernate: 
    alter table if exists order_items 
       add constraint FKbioxgbv59vetrxe0ejfubep1w 
       foreign key (order_id) 
       references orders
2026-06-01T11:24:59.334+07:00  INFO 2040123 --- [           main] j.LocalContainerEntityManagerFactoryBean : Initialized JPA EntityManagerFactory for persistence unit 'default'
2026-06-01T11:24:59.362+07:00  WARN 2040123 --- [           main] JpaBaseConfiguration$JpaWebConfiguration : spring.jpa.open-in-view is enabled by default. Therefore, database queries may be performed during view rendering. Explicitly configure spring.jpa.open-in-view to disable this warning
2026-06-01T11:24:59.549+07:00  INFO 2040123 --- [           main] o.s.b.a.w.s.WelcomePageHandlerMapping    : Adding welcome page template: index
2026-06-01T11:24:59.566+07:00  INFO 2040123 --- [           main] o.s.s.web.DefaultSecurityFilterChain     : Will secure any request with [org.springframework.security.web.session.DisableEncodeUrlFilter@70d55f69, org.springframework.security.web.context.request.async.WebAsyncManagerIntegrationFilter@57a01a7, org.springframework.security.web.context.SecurityContextHolderFilter@5468ba4f, org.springframework.security.web.header.HeaderWriterFilter@5aac96c5, org.springframework.web.filter.CorsFilter@1a802869, org.springframework.security.web.csrf.CsrfFilter@2ec13ec6, org.springframework.security.web.authentication.logout.LogoutFilter@250b97bc, org.springframework.security.web.authentication.UsernamePasswordAuthenticationFilter@99a8f91, org.springframework.security.web.savedrequest.RequestCacheAwareFilter@7378990a, org.springframework.security.web.servletapi.SecurityContextHolderAwareRequestFilter@a044c8e, org.springframework.security.web.authentication.AnonymousAuthenticationFilter@473bcaaf, org.springframework.security.web.access.ExceptionTranslationFilter@7ab066a5, org.springframework.security.web.access.intercept.AuthorizationFilter@3ac4b43d]
2026-06-01T11:24:59.590+07:00  INFO 2040123 --- [           main] o.s.b.w.embedded.tomcat.TomcatWebServer  : Tomcat started on port 46859 (http) with context path ''
2026-06-01T11:24:59.591+07:00  INFO 2040123 --- [           main] com.ecommerce.selenium.CartTest          : Started CartTest in 0.466 seconds (process running for 23.756)
Hibernate: 
    select
        count(*) 
    from
        products p1_0
Hibernate: 
    insert 
    into
        products
        (category, name, price, stock, id) 
    values
        (?, ?, ?, ?, default)
Hibernate: 
    insert 
    into
        products
        (category, name, price, stock, id) 
    values
        (?, ?, ?, ?, default)
Hibernate: 
    insert 
    into
        products
        (category, name, price, stock, id) 
    values
        (?, ?, ?, ?, default)
Hibernate: 
    insert 
    into
        products
        (category, name, price, stock, id) 
    values
        (?, ?, ?, ?, default)
Hibernate: 
    insert 
    into
        products
        (category, name, price, stock, id) 
    values
        (?, ?, ?, ?, default)
Hibernate: 
    insert 
    into
        products
        (category, name, price, stock, id) 
    values
        (?, ?, ?, ?, default)
2026-06-01T11:24:59.600+07:00  INFO 2040123 --- [           main] i.g.b.wdm.cache.ResolutionCache          : Clearing WebDriverManager resolution cache
2026-06-01T11:24:59.952+07:00  INFO 2040123 --- [           main] i.g.bonigarcia.wdm.WebDriverManager      : Using chromedriver 144.0.7559.133 (resolved driver for Chrome 144)
2026-06-01T11:24:59.955+07:00  INFO 2040123 --- [           main] i.g.bonigarcia.wdm.WebDriverManager      : Exporting webdriver.chrome.driver as /home/twan/.cache/selenium/chromedriver/linux64/144.0.7559.133/chromedriver
2026-06-01T11:25:00.144+07:00  WARN 2040123 --- [           main] o.o.selenium.devtools.CdpVersionFinder   : Unable to find CDP implementation matching 144
2026-06-01T11:25:00.145+07:00  WARN 2040123 --- [           main] o.o.selenium.chromium.ChromiumDriver     : Unable to find version of CDP to use for 144.0.7559.109. You may need to include a dependency on a specific version of the CDP using something similar to `org.seleniumhq.selenium:selenium-devtools-v86:4.27.0` where the version ("v86") matches the version of the chromium-based browser you're using and the version number of the artifact is the same as Selenium's.
[NAVIGATE] Navigating to: /
2026-06-01T11:25:00.152+07:00  INFO 2040123 --- [o-auto-7-exec-1] o.a.c.c.C.[Tomcat].[localhost].[/]       : Initializing Spring DispatcherServlet 'dispatcherServlet'
2026-06-01T11:25:00.153+07:00  INFO 2040123 --- [o-auto-7-exec-1] o.s.web.servlet.DispatcherServlet        : Initializing Servlet 'dispatcherServlet'
2026-06-01T11:25:00.153+07:00  INFO 2040123 --- [o-auto-7-exec-1] o.s.web.servlet.DispatcherServlet        : Completed initialization in 0 ms
[NAVIGATE] Current URL after driver.get: http://localhost:46859/login
[NAVIGATE] Redirection to /login detected! Logging in...
[LOGIN] Initiating login for user: standard_user
[LOGIN] Waiting for username field...
[LOGIN] Clicking login button...
[LOGIN] Waiting for redirect away from /login...
Hibernate: 
    select
        p1_0.id,
        p1_0.category,
        p1_0.name,
        p1_0.price,
        p1_0.stock 
    from
        products p1_0
[LOGIN] Login complete. Redirected to: http://localhost:46859/
[NAVIGATE] Current URL after login: http://localhost:46859/
Hibernate: 
    select
        p1_0.id,
        p1_0.category,
        p1_0.name,
        p1_0.price,
        p1_0.stock 
    from
        products p1_0 
    where
        p1_0.id=?
Hibernate: 
    select
        p1_0.id,
        p1_0.category,
        p1_0.name,
        p1_0.price,
        p1_0.stock 
    from
        products p1_0
[NAVIGATE] Navigating to: /
Hibernate: 
    select
        p1_0.id,
        p1_0.category,
        p1_0.name,
        p1_0.price,
        p1_0.stock 
    from
        products p1_0
[NAVIGATE] Current URL after driver.get: http://localhost:46859/
Hibernate: 
    select
        p1_0.id,
        p1_0.category,
        p1_0.name,
        p1_0.price,
        p1_0.stock 
    from
        products p1_0 
    where
        p1_0.id=?
Hibernate: 
    select
        p1_0.id,
        p1_0.category,
        p1_0.name,
        p1_0.price,
        p1_0.stock 
    from
        products p1_0
[NAVIGATE] Navigating to: /cart
[NAVIGATE] Current URL after driver.get: http://localhost:46859/cart
Screenshot successfully saved to target/screenshots/X_a_s_n_ph_m_kh_i_gi____s_n_ph_m_kh_ng_c_n_hi_n_th_.png
]]></system-out>
  </testcase>
</testsuite>