<?xml version="1.0" encoding="UTF-8"?>
<testsuite xmlns:xsi="http://www.w3.org/2001/XMLSchema-instance" xsi:noNamespaceSchemaLocation="https://maven.apache.org/surefire/maven-surefire-plugin/xsd/surefire-test-report.xsd" name="com.example.TriangleTest" time="0.029" tests="12" errors="0" skipped="0" failures="0">
  <properties>
[...]
</properties>
  <testcase name="testNotATriangle_BCLessThanA" classname="com.example.TriangleTest" time="0.014"/>
  <testcase name="testIsosceles_BEqualsC" classname="com.example.TriangleTest" time="0"/>
  <testcase name="testInvalid_BIsZeroOrNegative" classname="com.example.TriangleTest" time="0.001"/>
  <testcase name="testEquilateral" classname="com.example.TriangleTest" time="0.001"/>
  <testcase name="testNotATriangle" classname="com.example.TriangleTest" time="0"/>
  <testcase name="testIsosceles_AEqualsB_NotC" classname="com.example.TriangleTest" time="0"/>
  <testcase name="testNotATriangle_ACLessThanB" classname="com.example.TriangleTest" time="0"/>
  <testcase name="testInvalid_CIsZeroOrNegative" classname="com.example.TriangleTest" time="0"/>
  <testcase name="testIsosceles_AEqualsC" classname="com.example.TriangleTest" time="0"/>
  <testcase name="testScalene" classname="com.example.TriangleTest" time="0"/>
  <testcase name="testIsosceles" classname="com.example.TriangleTest" time="0.001"/>
  <testcase name="testInvalid" classname="com.example.TriangleTest" time="0.001"/>
</testsuite>